[2020-03-27 22:03:03] Info: Starting up the df::LogManager...
[2020-03-27 22:03:03] Info: Starting up the df::WorldManager...
[2020-03-27 22:03:03] Info: Starting up the df::GameManager...
[2020-03-27 22:03:03] Info: Crate Saucer: {'id': 0, 'type': 'dfe::saucer', 'x': 10, 'y': 20, 'altitude': 2, 'maxStepCount': 0}
[2020-03-27 22:03:03] Info: Crate Saucer: {'id': 1, 'type': 'dfe::saucer', 'x': 20, 'y': 40, 'altitude': 3, 'maxStepCount': 25}
[2020-03-27 22:03:03] Info: Crate Saucer: {'id': 2, 'type': 'dfe::saucer', 'x': 30, 'y': 60, 'altitude': 2, 'maxStepCount': 50}
[2020-03-27 22:03:03] Info: Crate Saucer: {'id': 3, 'type': 'dfe::saucer', 'x': 40, 'y': 80, 'altitude': 3, 'maxStepCount': 75}
[2020-03-27 22:03:03] Info: Saucer: {'id': 0, 'type': 'dfe::saucer', 'x': 9, 'y': 20, 'altitude': 2, 'maxStepCount': 0}
[2020-03-27 22:03:03] Info: Saucer: {'id': 1, 'type': 'dfe::saucer', 'x': 19, 'y': 40, 'altitude': 3, 'maxStepCount': 25}
[2020-03-27 22:03:03] Info: Saucer: {'id': 2, 'type': 'dfe::saucer', 'x': 29, 'y': 60, 'altitude': 2, 'maxStepCount': 50}
[2020-03-27 22:03:03] Info: Saucer: {'id': 3, 'type': 'dfe::saucer', 'x': 41, 'y': 80, 'altitude': 3, 'maxStepCount': 75}
[2020-03-27 22:03:03] Info: Saucer: {'id': 0, 'type': 'dfe::saucer', 'x': 8, 'y': 20, 'altitude': 2, 'maxStepCount': 0}
[2020-03-27 22:03:03] Info: Saucer: {'id': 1, 'type': 'dfe::saucer', 'x': 18, 'y': 40, 'altitude': 3, 'maxStepCount': 25}
[2020-03-27 22:03:03] Info: Saucer: {'id': 2, 'type': 'dfe::saucer', 'x': 28, 'y': 60, 'altitude': 2, 'maxStepCount': 50}
[2020-03-27 22:03:03] Info: Saucer: {'id': 3, 'type': 'dfe::saucer', 'x': 42, 'y': 80, 'altitude': 3, 'maxStepCount': 75}
[2020-03-27 22:03:03] Info: Saucer: {'id': 0, 'type': 'dfe::saucer', 'x': 7, 'y': 20, 'altitude': 2, 'maxStepCount': 0}
[2020-03-27 22:03:03] Info: Saucer: {'id': 1, 'type': 'dfe::saucer', 'x': 17, 'y': 40, 'altitude': 3, 'maxStepCount': 25}
[2020-03-27 22:03:03] Info: Saucer: {'id': 2, 'type': 'dfe::saucer', 'x': 27, 'y': 60, 'altitude': 2, 'maxStepCount': 50}
[2020-03-27 22:03:03] Info: Saucer: {'id': 3, 'type': 'dfe::saucer', 'x': 43, 'y': 80, 'altitude': 3, 'maxStepCount': 75}
[2020-03-27 22:03:03] Info: Saucer: {'id': 0, 'type': 'dfe::saucer', 'x': 6, 'y': 20, 'altitude': 2, 'maxStepCount': 0}
[2020-03-27 22:03:03] Info: Saucer: {'id': 1, 'type': 'dfe::saucer', 'x': 16, 'y': 40, 'altitude': 3, 'maxStepCount': 25}
[2020-03-27 22:03:03] Info: Saucer: {'id': 2, 'type': 'dfe::saucer', 'x': 26, 'y': 60, 'altitude': 2, 'maxStepCount': 50}
[2020-03-27 22:03:03] Info: Saucer: {'id': 3, 'type': 'dfe::saucer', 'x': 44, 'y': 80, 'altitude': 3, 'maxStepCount': 75}
[2020-03-27 22:03:03] Info: Saucer: {'id': 0, 'type': 'dfe::saucer', 'x': 5, 'y': 20, 'altitude': 2, 'maxStepCount': 0}
[2020-03-27 22:03:03] Info: Saucer: {'id': 1, 'type': 'dfe::saucer', 'x': 15, 'y': 40, 'altitude': 3, 'maxStepCount': 25}
[2020-03-27 22:03:03] Info: Saucer: {'id': 2, 'type': 'dfe::saucer', 'x': 25, 'y': 60, 'altitude': 2, 'maxStepCount': 50}
[2020-03-27 22:03:03] Info: Saucer: {'id': 3, 'type': 'dfe::saucer', 'x': 45, 'y': 80, 'altitude': 3, 'maxStepCount': 75}
[2020-03-27 22:03:03] Info: Saucer: {'id': 0, 'type': 'dfe::saucer', 'x': 6, 'y': 20, 'altitude': 2, 'maxStepCount': 0}
[2020-03-27 22:03:03] Info: Saucer: {'id': 1, 'type': 'dfe::saucer', 'x': 16, 'y': 40, 'altitude': 3, 'maxStepCount': 25}
[2020-03-27 22:03:03] Info: Saucer: {'id': 2, 'type': 'dfe::saucer', 'x': 26, 'y': 60, 'altitude': 2, 'maxStepCount': 50}
[2020-03-27 22:03:03] Info: Saucer: {'id': 3, 'type': 'dfe::saucer', 'x': 44, 'y': 80, 'altitude': 3, 'maxStepCount': 75}
[2020-03-27 22:03:03] Info: Saucer: {'id': 0, 'type': 'dfe::saucer', 'x': 7, 'y': 20, 'altitude': 2, 'maxStepCount': 0}
[2020-03-27 22:03:03] Info: Saucer: {'id': 1, 'type': 'dfe::saucer', 'x': 17, 'y': 40, 'altitude': 3, 'maxStepCount': 25}
[2020-03-27 22:03:03] Info: Saucer: {'id': 2, 'type': 'dfe::saucer', 'x': 27, 'y': 60, 'altitude': 2, 'maxStepCount': 50}
[2020-03-27 22:03:03] Info: Saucer: {'id': 3, 'type': 'dfe::saucer', 'x': 43, 'y': 80, 'altitude': 3, 'maxStepCount': 75}
[2020-03-27 22:03:04] Info: Saucer: {'id': 0, 'type': 'dfe::saucer', 'x': 8, 'y': 20, 'altitude': 2, 'maxStepCount': 0}
[2020-03-27 22:03:04] Info: Saucer: {'id': 1, 'type': 'dfe::saucer', 'x': 18, 'y': 40, 'altitude': 3, 'maxStepCount': 25}
[2020-03-27 22:03:04] Info: Saucer: {'id': 2, 'type': 'dfe::saucer', 'x': 28, 'y': 60, 'altitude': 2, 'maxStepCount': 50}
[2020-03-27 22:03:04] Info: Saucer: {'id': 3, 'type': 'dfe::saucer', 'x': 42, 'y': 80, 'altitude': 3, 'maxStepCount': 75}
[2020-03-27 22:03:04] Info: Saucer: {'id': 0, 'type': 'dfe::saucer', 'x': 9, 'y': 20, 'altitude': 2, 'maxStepCount': 0}
[2020-03-27 22:03:04] Info: Saucer: {'id': 1, 'type': 'dfe::saucer', 'x': 19, 'y': 40, 'altitude': 3, 'maxStepCount': 25}
[2020-03-27 22:03:04] Info: Saucer: {'id': 2, 'type': 'dfe::saucer', 'x': 29, 'y': 60, 'altitude': 2, 'maxStepCount': 50}
[2020-03-27 22:03:04] Info: Saucer: {'id': 3, 'type': 'dfe::saucer', 'x': 41, 'y': 80, 'altitude': 3, 'maxStepCount': 75}
[2020-03-27 22:03:04] Info: Saucer: {'id': 0, 'type': 'dfe::saucer', 'x': 10, 'y': 20, 'altitude': 2, 'maxStepCount': 0}
[2020-03-27 22:03:04] Info: Saucer: {'id': 1, 'type': 'dfe::saucer', 'x': 20, 'y': 40, 'altitude': 3, 'maxStepCount': 25}
[2020-03-27 22:03:04] Info: Saucer: {'id': 2, 'type': 'dfe::saucer', 'x': 30, 'y': 60, 'altitude': 2, 'maxStepCount': 50}
[2020-03-27 22:03:04] Info: Saucer: {'id': 3, 'type': 'dfe::saucer', 'x': 40, 'y': 80, 'altitude': 3, 'maxStepCount': 75}
[2020-03-27 22:03:04] Info: Saucer: {'id': 0, 'type': 'dfe::saucer', 'x': 9, 'y': 20, 'altitude': 2, 'maxStepCount': 0}
[2020-03-27 22:03:04] Info: Saucer: {'id': 1, 'type': 'dfe::saucer', 'x': 19, 'y': 40, 'altitude': 3, 'maxStepCount': 25}
[2020-03-27 22:03:04] Info: Saucer: {'id': 2, 'type': 'dfe::saucer', 'x': 29, 'y': 60, 'altitude': 2, 'maxStepCount': 50}
[2020-03-27 22:03:04] Info: Saucer: {'id': 3, 'type': 'dfe::saucer', 'x': 41, 'y': 80, 'altitude': 3, 'maxStepCount': 75}
[2020-03-27 22:03:04] Info: Saucer: {'id': 0, 'type': 'dfe::saucer', 'x': 8, 'y': 20, 'altitude': 2, 'maxStepCount': 0}
[2020-03-27 22:03:04] Info: Saucer: {'id': 1, 'type': 'dfe::saucer', 'x': 18, 'y': 40, 'altitude': 3, 'maxStepCount': 25}
[2020-03-27 22:03:04] Info: Saucer: {'id': 2, 'type': 'dfe::saucer', 'x': 28, 'y': 60, 'altitude': 2, 'maxStepCount': 50}
[2020-03-27 22:03:04] Info: Saucer: {'id': 3, 'type': 'dfe::saucer', 'x': 42, 'y': 80, 'altitude': 3, 'maxStepCount': 75}
[2020-03-27 22:03:04] Info: Saucer: {'id': 0, 'type': 'dfe::saucer', 'x': 7, 'y': 20, 'altitude': 2, 'maxStepCount': 0}
[2020-03-27 22:03:04] Info: Saucer: {'id': 1, 'type': 'dfe::saucer', 'x': 17, 'y': 40, 'altitude': 3, 'maxStepCount': 25}
[2020-03-27 22:03:04] Info: Saucer: {'id': 2, 'type': 'dfe::saucer', 'x': 27, 'y': 60, 'altitude': 2, 'maxStepCount': 50}
[2020-03-27 22:03:04] Info: Saucer: {'id': 3, 'type': 'dfe::saucer', 'x': 43, 'y': 80, 'altitude': 3, 'maxStepCount': 75}
[2020-03-27 22:03:04] Info: Saucer: {'id': 0, 'type': 'dfe::saucer', 'x': 6, 'y': 20, 'altitude': 2, 'maxStepCount': 0}
[2020-03-27 22:03:04] Info: Saucer: {'id': 1, 'type': 'dfe::saucer', 'x': 16, 'y': 40, 'altitude': 3, 'maxStepCount': 25}
[2020-03-27 22:03:04] Info: Saucer: {'id': 2, 'type': 'dfe::saucer', 'x': 26, 'y': 60, 'altitude': 2, 'maxStepCount': 50}
[2020-03-27 22:03:04] Info: Saucer: {'id': 3, 'type': 'dfe::saucer', 'x': 44, 'y': 80, 'altitude': 3, 'maxStepCount': 75}
[2020-03-27 22:03:04] Info: Saucer: {'id': 0, 'type': 'dfe::saucer', 'x': 5, 'y': 20, 'altitude': 2, 'maxStepCount': 0}
[2020-03-27 22:03:04] Info: Saucer: {'id': 1, 'type': 'dfe::saucer', 'x': 15, 'y': 40, 'altitude': 3, 'maxStepCount': 25}
[2020-03-27 22:03:04] Info: Saucer: {'id': 2, 'type': 'dfe::saucer', 'x': 25, 'y': 60, 'altitude': 2, 'maxStepCount': 50}
[2020-03-27 22:03:04] Info: Saucer: {'id': 3, 'type': 'dfe::saucer', 'x': 45, 'y': 80, 'altitude': 3, 'maxStepCount': 75}
[2020-03-27 22:03:04] Info: Saucer: {'id': 0, 'type': 'dfe::saucer', 'x': 6, 'y': 20, 'altitude': 2, 'maxStepCount': 0}
[2020-03-27 22:03:04] Info: Saucer: {'id': 1, 'type': 'dfe::saucer', 'x': 16, 'y': 40, 'altitude': 3, 'maxStepCount': 25}
[2020-03-27 22:03:04] Info: Saucer: {'id': 2, 'type': 'dfe::saucer', 'x': 26, 'y': 60, 'altitude': 2, 'maxStepCount': 50}
[2020-03-27 22:03:04] Info: Saucer: {'id': 3, 'type': 'dfe::saucer', 'x': 44, 'y': 80, 'altitude': 3, 'maxStepCount': 75}
[2020-03-27 22:03:04] Info: Saucer: {'id': 0, 'type': 'dfe::saucer', 'x': 7, 'y': 20, 'altitude': 2, 'maxStepCount': 0}
[2020-03-27 22:03:04] Info: Saucer: {'id': 1, 'type': 'dfe::saucer', 'x': 17, 'y': 40, 'altitude': 3, 'maxStepCount': 25}
[2020-03-27 22:03:04] Info: Saucer: {'id': 2, 'type': 'dfe::saucer', 'x': 27, 'y': 60, 'altitude': 2, 'maxStepCount': 50}
[2020-03-27 22:03:04] Info: Saucer: {'id': 3, 'type': 'dfe::saucer', 'x': 43, 'y': 80, 'altitude': 3, 'maxStepCount': 75}
[2020-03-27 22:03:04] Info: Saucer: {'id': 0, 'type': 'dfe::saucer', 'x': 8, 'y': 20, 'altitude': 2, 'maxStepCount': 0}
[2020-03-27 22:03:04] Info: Saucer: {'id': 1, 'type': 'dfe::saucer', 'x': 18, 'y': 40, 'altitude': 3, 'maxStepCount': 25}
[2020-03-27 22:03:04] Info: Saucer: {'id': 2, 'type': 'dfe::saucer', 'x': 28, 'y': 60, 'altitude': 2, 'maxStepCount': 50}
[2020-03-27 22:03:04] Info: Saucer: {'id': 3, 'type': 'dfe::saucer', 'x': 42, 'y': 80, 'altitude': 3, 'maxStepCount': 75}
[2020-03-27 22:03:04] Info: Saucer: {'id': 0, 'type': 'dfe::saucer', 'x': 9, 'y': 20, 'altitude': 2, 'maxStepCount': 0}
[2020-03-27 22:03:04] Info: Saucer: {'id': 1, 'type': 'dfe::saucer', 'x': 19, 'y': 40, 'altitude': 3, 'maxStepCount': 25}
[2020-03-27 22:03:04] Info: Saucer: {'id': 2, 'type': 'dfe::saucer', 'x': 29, 'y': 60, 'altitude': 2, 'maxStepCount': 50}
[2020-03-27 22:03:04] Info: Saucer: {'id': 3, 'type': 'dfe::saucer', 'x': 41, 'y': 80, 'altitude': 3, 'maxStepCount': 75}
[2020-03-27 22:03:04] Info: Saucer: {'id': 0, 'type': 'dfe::saucer', 'x': 10, 'y': 20, 'altitude': 2, 'maxStepCount': 0}
[2020-03-27 22:03:04] Info: Saucer: {'id': 1, 'type': 'dfe::saucer', 'x': 20, 'y': 40, 'altitude': 3, 'maxStepCount': 25}
[2020-03-27 22:03:04] Info: Saucer: {'id': 2, 'type': 'dfe::saucer', 'x': 30, 'y': 60, 'altitude': 2, 'maxStepCount': 50}
[2020-03-27 22:03:04] Info: Saucer: {'id': 3, 'type': 'dfe::saucer', 'x': 40, 'y': 80, 'altitude': 3, 'maxStepCount': 75}
[2020-03-27 22:03:04] Info: Saucer: {'id': 0, 'type': 'dfe::saucer', 'x': 9, 'y': 20, 'altitude': 2, 'maxStepCount': 0}
[2020-03-27 22:03:04] Info: Saucer: {'id': 1, 'type': 'dfe::saucer', 'x': 19, 'y': 40, 'altitude': 3, 'maxStepCount': 25}
[2020-03-27 22:03:04] Info: Saucer: {'id': 2, 'type': 'dfe::saucer', 'x': 29, 'y': 60, 'altitude': 2, 'maxStepCount': 50}
[2020-03-27 22:03:04] Info: Saucer: {'id': 3, 'type': 'dfe::saucer', 'x': 41, 'y': 80, 'altitude': 3, 'maxStepCount': 75}
[2020-03-27 22:03:04] Info: Saucer: {'id': 0, 'type': 'dfe::saucer', 'x': 8, 'y': 20, 'altitude': 2, 'maxStepCount': 0}
[2020-03-27 22:03:04] Info: Saucer: {'id': 1, 'type': 'dfe::saucer', 'x': 18, 'y': 40, 'altitude': 3, 'maxStepCount': 25}
[2020-03-27 22:03:04] Info: Saucer: {'id': 2, 'type': 'dfe::saucer', 'x': 28, 'y': 60, 'altitude': 2, 'maxStepCount': 50}
[2020-03-27 22:03:04] Info: Saucer: {'id': 3, 'type': 'dfe::saucer', 'x': 42, 'y': 80, 'altitude': 3, 'maxStepCount': 75}
[2020-03-27 22:03:04] Info: Saucer: {'id': 0, 'type': 'dfe::saucer', 'x': 7, 'y': 20, 'altitude': 2, 'maxStepCount': 0}
[2020-03-27 22:03:04] Info: Saucer: {'id': 1, 'type': 'dfe::saucer', 'x': 17, 'y': 40, 'altitude': 3, 'maxStepCount': 25}
[2020-03-27 22:03:04] Info: Saucer: {'id': 2, 'type': 'dfe::saucer', 'x': 27, 'y': 60, 'altitude': 2, 'maxStepCount': 50}
[2020-03-27 22:03:04] Info: Saucer: {'id': 3, 'type': 'dfe::saucer', 'x': 43, 'y': 80, 'altitude': 3, 'maxStepCount': 75}
[2020-03-27 22:03:04] Info: Saucer: {'id': 0, 'type': 'dfe::saucer', 'x': 6, 'y': 20, 'altitude': 2, 'maxStepCount': 0}
[2020-03-27 22:03:04] Info: Saucer: {'id': 1, 'type': 'dfe::saucer', 'x': 16, 'y': 40, 'altitude': 3, 'maxStepCount': 25}
[2020-03-27 22:03:04] Info: Saucer: {'id': 2, 'type': 'dfe::saucer', 'x': 26, 'y': 60, 'altitude': 2, 'maxStepCount': 50}
[2020-03-27 22:03:04] Info: Saucer: {'id': 3, 'type': 'dfe::saucer', 'x': 44, 'y': 80, 'altitude': 3, 'maxStepCount': 75}
[2020-03-27 22:03:04] Info: Saucer: {'id': 0, 'type': 'dfe::saucer', 'x': 5, 'y': 20, 'altitude': 2, 'maxStepCount': 0}
[2020-03-27 22:03:04] Info: Saucer: {'id': 1, 'type': 'dfe::saucer', 'x': 15, 'y': 40, 'altitude': 3, 'maxStepCount': 25}
[2020-03-27 22:03:04] Info: Saucer: {'id': 2, 'type': 'dfe::saucer', 'x': 25, 'y': 60, 'altitude': 2, 'maxStepCount': 50}
[2020-03-27 22:03:04] Info: Saucer: {'id': 3, 'type': 'dfe::saucer', 'x': 45, 'y': 80, 'altitude': 3, 'maxStepCount': 75}
[2020-03-27 22:03:04] Info: Saucer: {'id': 0, 'type': 'dfe::saucer', 'x': 6, 'y': 20, 'altitude': 2, 'maxStepCount': 0}
[2020-03-27 22:03:04] Info: Remove Saucer: {'id': 1, 'type': 'dfe::saucer', 'x': 15, 'y': 40, 'altitude': 3, 'maxStepCount': 25}
[2020-03-27 22:03:04] Info: Saucer: {'id': 1, 'type': 'dfe::saucer', 'x': 14, 'y': 40, 'altitude': 3, 'maxStepCount': 25}
[2020-03-27 22:03:04] Info: Saucer: {'id': 2, 'type': 'dfe::saucer', 'x': 26, 'y': 60, 'altitude': 2, 'maxStepCount': 50}
[2020-03-27 22:03:04] Info: Saucer: {'id': 3, 'type': 'dfe::saucer', 'x': 44, 'y': 80, 'altitude': 3, 'maxStepCount': 75}
[2020-03-27 22:03:04] Info: Saucer: {'id': 0, 'type': 'dfe::saucer', 'x': 7, 'y': 20, 'altitude': 2, 'maxStepCount': 0}
[2020-03-27 22:03:04] Info: Saucer: {'id': 2, 'type': 'dfe::saucer', 'x': 27, 'y': 60, 'altitude': 2, 'maxStepCount': 50}
[2020-03-27 22:03:04] Info: Saucer: {'id': 3, 'type': 'dfe::saucer', 'x': 43, 'y': 80, 'altitude': 3, 'maxStepCount': 75}
[2020-03-27 22:03:04] Info: Saucer: {'id': 0, 'type': 'dfe::saucer', 'x': 8, 'y': 20, 'altitude': 2, 'maxStepCount': 0}
[2020-03-27 22:03:04] Info: Saucer: {'id': 2, 'type': 'dfe::saucer', 'x': 28, 'y': 60, 'altitude': 2, 'maxStepCount': 50}
[2020-03-27 22:03:04] Info: Saucer: {'id': 3, 'type': 'dfe::saucer', 'x': 42, 'y': 80, 'altitude': 3, 'maxStepCount': 75}
[2020-03-27 22:03:04] Info: Saucer: {'id': 0, 'type': 'dfe::saucer', 'x': 9, 'y': 20, 'altitude': 2, 'maxStepCount': 0}
[2020-03-27 22:03:04] Info: Saucer: {'id': 2, 'type': 'dfe::saucer', 'x': 29, 'y': 60, 'altitude': 2, 'maxStepCount': 50}
[2020-03-27 22:03:04] Info: Saucer: {'id': 3, 'type': 'dfe::saucer', 'x': 41, 'y': 80, 'altitude': 3, 'maxStepCount': 75}
[2020-03-27 22:03:04] Info: Saucer: {'id': 0, 'type': 'dfe::saucer', 'x': 10, 'y': 20, 'altitude': 2, 'maxStepCount': 0}
[2020-03-27 22:03:04] Info: Saucer: {'id': 2, 'type': 'dfe::saucer', 'x': 30, 'y': 60, 'altitude': 2, 'maxStepCount': 50}
[2020-03-27 22:03:04] Info: Saucer: {'id': 3, 'type': 'dfe::saucer', 'x': 40, 'y': 80, 'altitude': 3, 'maxStepCount': 75}
[2020-03-27 22:03:04] Info: Saucer: {'id': 0, 'type': 'dfe::saucer', 'x': 9, 'y': 20, 'altitude': 2, 'maxStepCount': 0}
[2020-03-27 22:03:04] Info: Saucer: {'id': 2, 'type': 'dfe::saucer', 'x': 29, 'y': 60, 'altitude': 2, 'maxStepCount': 50}
[2020-03-27 22:03:04] Info: Saucer: {'id': 3, 'type': 'dfe::saucer', 'x': 41, 'y': 80, 'altitude': 3, 'maxStepCount': 75}
[2020-03-27 22:03:04] Info: Saucer: {'id': 0, 'type': 'dfe::saucer', 'x': 8, 'y': 20, 'altitude': 2, 'maxStepCount': 0}
[2020-03-27 22:03:04] Info: Saucer: {'id': 2, 'type': 'dfe::saucer', 'x': 28, 'y': 60, 'altitude': 2, 'maxStepCount': 50}
[2020-03-27 22:03:04] Info: Saucer: {'id': 3, 'type': 'dfe::saucer', 'x': 42, 'y': 80, 'altitude': 3, 'maxStepCount': 75}
[2020-03-27 22:03:04] Info: Saucer: {'id': 0, 'type': 'dfe::saucer', 'x': 7, 'y': 20, 'altitude': 2, 'maxStepCount': 0}
[2020-03-27 22:03:04] Info: Saucer: {'id': 2, 'type': 'dfe::saucer', 'x': 27, 'y': 60, 'altitude': 2, 'maxStepCount': 50}
[2020-03-27 22:03:04] Info: Saucer: {'id': 3, 'type': 'dfe::saucer', 'x': 43, 'y': 80, 'altitude': 3, 'maxStepCount': 75}
[2020-03-27 22:03:04] Info: Saucer: {'id': 0, 'type': 'dfe::saucer', 'x': 6, 'y': 20, 'altitude': 2, 'maxStepCount': 0}
[2020-03-27 22:03:04] Info: Saucer: {'id': 2, 'type': 'dfe::saucer', 'x': 26, 'y': 60, 'altitude': 2, 'maxStepCount': 50}
[2020-03-27 22:03:04] Info: Saucer: {'id': 3, 'type': 'dfe::saucer', 'x': 44, 'y': 80, 'altitude': 3, 'maxStepCount': 75}
[2020-03-27 22:03:05] Info: Saucer: {'id': 0, 'type': 'dfe::saucer', 'x': 5, 'y': 20, 'altitude': 2, 'maxStepCount': 0}
[2020-03-27 22:03:05] Info: Saucer: {'id': 2, 'type': 'dfe::saucer', 'x': 25, 'y': 60, 'altitude': 2, 'maxStepCount': 50}
[2020-03-27 22:03:05] Info: Saucer: {'id': 3, 'type': 'dfe::saucer', 'x': 45, 'y': 80, 'altitude': 3, 'maxStepCount': 75}
[2020-03-27 22:03:05] Info: Saucer: {'id': 0, 'type': 'dfe::saucer', 'x': 6, 'y': 20, 'altitude': 2, 'maxStepCount': 0}
[2020-03-27 22:03:05] Info: Saucer: {'id': 2, 'type': 'dfe::saucer', 'x': 26, 'y': 60, 'altitude': 2, 'maxStepCount': 50}
[2020-03-27 22:03:05] Info: Saucer: {'id': 3, 'type': 'dfe::saucer', 'x': 44, 'y': 80, 'altitude': 3, 'maxStepCount': 75}
[2020-03-27 22:03:05] Info: Saucer: {'id': 0, 'type': 'dfe::saucer', 'x': 7, 'y': 20, 'altitude': 2, 'maxStepCount': 0}
[2020-03-27 22:03:05] Info: Saucer: {'id': 2, 'type': 'dfe::saucer', 'x': 27, 'y': 60, 'altitude': 2, 'maxStepCount': 50}
[2020-03-27 22:03:05] Info: Saucer: {'id': 3, 'type': 'dfe::saucer', 'x': 43, 'y': 80, 'altitude': 3, 'maxStepCount': 75}
[2020-03-27 22:03:05] Info: Saucer: {'id': 0, 'type': 'dfe::saucer', 'x': 8, 'y': 20, 'altitude': 2, 'maxStepCount': 0}
[2020-03-27 22:03:05] Info: Saucer: {'id': 2, 'type': 'dfe::saucer', 'x': 28, 'y': 60, 'altitude': 2, 'maxStepCount': 50}
[2020-03-27 22:03:05] Info: Saucer: {'id': 3, 'type': 'dfe::saucer', 'x': 42, 'y': 80, 'altitude': 3, 'maxStepCount': 75}
[2020-03-27 22:03:05] Info: Saucer: {'id': 0, 'type': 'dfe::saucer', 'x': 9, 'y': 20, 'altitude': 2, 'maxStepCount': 0}
[2020-03-27 22:03:05] Info: Saucer: {'id': 2, 'type': 'dfe::saucer', 'x': 29, 'y': 60, 'altitude': 2, 'maxStepCount': 50}
[2020-03-27 22:03:05] Info: Saucer: {'id': 3, 'type': 'dfe::saucer', 'x': 41, 'y': 80, 'altitude': 3, 'maxStepCount': 75}
[2020-03-27 22:03:05] Info: Saucer: {'id': 0, 'type': 'dfe::saucer', 'x': 10, 'y': 20, 'altitude': 2, 'maxStepCount': 0}
[2020-03-27 22:03:05] Info: Saucer: {'id': 2, 'type': 'dfe::saucer', 'x': 30, 'y': 60, 'altitude': 2, 'maxStepCount': 50}
[2020-03-27 22:03:05] Info: Saucer: {'id': 3, 'type': 'dfe::saucer', 'x': 40, 'y': 80, 'altitude': 3, 'maxStepCount': 75}
[2020-03-27 22:03:05] Info: Saucer: {'id': 0, 'type': 'dfe::saucer', 'x': 9, 'y': 20, 'altitude': 2, 'maxStepCount': 0}
[2020-03-27 22:03:05] Info: Saucer: {'id': 2, 'type': 'dfe::saucer', 'x': 29, 'y': 60, 'altitude': 2, 'maxStepCount': 50}
[2020-03-27 22:03:05] Info: Saucer: {'id': 3, 'type': 'dfe::saucer', 'x': 41, 'y': 80, 'altitude': 3, 'maxStepCount': 75}
[2020-03-27 22:03:05] Info: Saucer: {'id': 0, 'type': 'dfe::saucer', 'x': 8, 'y': 20, 'altitude': 2, 'maxStepCount': 0}
[2020-03-27 22:03:05] Info: Saucer: {'id': 2, 'type': 'dfe::saucer', 'x': 28, 'y': 60, 'altitude': 2, 'maxStepCount': 50}
[2020-03-27 22:03:05] Info: Saucer: {'id': 3, 'type': 'dfe::saucer', 'x': 42, 'y': 80, 'altitude': 3, 'maxStepCount': 75}
[2020-03-27 22:03:05] Info: Saucer: {'id': 0, 'type': 'dfe::saucer', 'x': 7, 'y': 20, 'altitude': 2, 'maxStepCount': 0}
[2020-03-27 22:03:05] Info: Saucer: {'id': 2, 'type': 'dfe::saucer', 'x': 27, 'y': 60, 'altitude': 2, 'maxStepCount': 50}
[2020-03-27 22:03:05] Info: Saucer: {'id': 3, 'type': 'dfe::saucer', 'x': 43, 'y': 80, 'altitude': 3, 'maxStepCount': 75}
[2020-03-27 22:03:05] Info: Saucer: {'id': 0, 'type': 'dfe::saucer', 'x': 6, 'y': 20, 'altitude': 2, 'maxStepCount': 0}
[2020-03-27 22:03:05] Info: Saucer: {'id': 2, 'type': 'dfe::saucer', 'x': 26, 'y': 60, 'altitude': 2, 'maxStepCount': 50}
[2020-03-27 22:03:05] Info: Saucer: {'id': 3, 'type': 'dfe::saucer', 'x': 44, 'y': 80, 'altitude': 3, 'maxStepCount': 75}
[2020-03-27 22:03:05] Info: Saucer: {'id': 0, 'type': 'dfe::saucer', 'x': 5, 'y': 20, 'altitude': 2, 'maxStepCount': 0}
[2020-03-27 22:03:05] Info: Saucer: {'id': 2, 'type': 'dfe::saucer', 'x': 25, 'y': 60, 'altitude': 2, 'maxStepCount': 50}
[2020-03-27 22:03:05] Info: Saucer: {'id': 3, 'type': 'dfe::saucer', 'x': 45, 'y': 80, 'altitude': 3, 'maxStepCount': 75}
[2020-03-27 22:03:05] Info: Saucer: {'id': 0, 'type': 'dfe::saucer', 'x': 6, 'y': 20, 'altitude': 2, 'maxStepCount': 0}
[2020-03-27 22:03:05] Info: Saucer: {'id': 2, 'type': 'dfe::saucer', 'x': 26, 'y': 60, 'altitude': 2, 'maxStepCount': 50}
[2020-03-27 22:03:05] Info: Saucer: {'id': 3, 'type': 'dfe::saucer', 'x': 44, 'y': 80, 'altitude': 3, 'maxStepCount': 75}
[2020-03-27 22:03:05] Info: Saucer: {'id': 0, 'type': 'dfe::saucer', 'x': 7, 'y': 20, 'altitude': 2, 'maxStepCount': 0}
[2020-03-27 22:03:05] Info: Saucer: {'id': 2, 'type': 'dfe::saucer', 'x': 27, 'y': 60, 'altitude': 2, 'maxStepCount': 50}
[2020-03-27 22:03:05] Info: Saucer: {'id': 3, 'type': 'dfe::saucer', 'x': 43, 'y': 80, 'altitude': 3, 'maxStepCount': 75}
[2020-03-27 22:03:05] Info: Saucer: {'id': 0, 'type': 'dfe::saucer', 'x': 8, 'y': 20, 'altitude': 2, 'maxStepCount': 0}
[2020-03-27 22:03:05] Info: Saucer: {'id': 2, 'type': 'dfe::saucer', 'x': 28, 'y': 60, 'altitude': 2, 'maxStepCount': 50}
[2020-03-27 22:03:05] Info: Saucer: {'id': 3, 'type': 'dfe::saucer', 'x': 42, 'y': 80, 'altitude': 3, 'maxStepCount': 75}
[2020-03-27 22:03:05] Info: Saucer: {'id': 0, 'type': 'dfe::saucer', 'x': 9, 'y': 20, 'altitude': 2, 'maxStepCount': 0}
[2020-03-27 22:03:05] Info: Saucer: {'id': 2, 'type': 'dfe::saucer', 'x': 29, 'y': 60, 'altitude': 2, 'maxStepCount': 50}
[2020-03-27 22:03:05] Info: Saucer: {'id': 3, 'type': 'dfe::saucer', 'x': 41, 'y': 80, 'altitude': 3, 'maxStepCount': 75}
[2020-03-27 22:03:05] Info: Saucer: {'id': 0, 'type': 'dfe::saucer', 'x': 10, 'y': 20, 'altitude': 2, 'maxStepCount': 0}
[2020-03-27 22:03:05] Info: Saucer: {'id': 2, 'type': 'dfe::saucer', 'x': 30, 'y': 60, 'altitude': 2, 'maxStepCount': 50}
[2020-03-27 22:03:05] Info: Saucer: {'id': 3, 'type': 'dfe::saucer', 'x': 40, 'y': 80, 'altitude': 3, 'maxStepCount': 75}
[2020-03-27 22:03:05] Info: Saucer: {'id': 0, 'type': 'dfe::saucer', 'x': 9, 'y': 20, 'altitude': 2, 'maxStepCount': 0}
[2020-03-27 22:03:05] Info: Remove Saucer: {'id': 2, 'type': 'dfe::saucer', 'x': 30, 'y': 60, 'altitude': 2, 'maxStepCount': 50}
[2020-03-27 22:03:05] Info: Saucer: {'id': 2, 'type': 'dfe::saucer', 'x': 31, 'y': 60, 'altitude': 2, 'maxStepCount': 50}
[2020-03-27 22:03:05] Info: Saucer: {'id': 3, 'type': 'dfe::saucer', 'x': 41, 'y': 80, 'altitude': 3, 'maxStepCount': 75}
[2020-03-27 22:03:05] Info: Saucer: {'id': 0, 'type': 'dfe::saucer', 'x': 8, 'y': 20, 'altitude': 2, 'maxStepCount': 0}
[2020-03-27 22:03:05] Info: Saucer: {'id': 3, 'type': 'dfe::saucer', 'x': 42, 'y': 80, 'altitude': 3, 'maxStepCount': 75}
[2020-03-27 22:03:05] Info: Saucer: {'id': 0, 'type': 'dfe::saucer', 'x': 7, 'y': 20, 'altitude': 2, 'maxStepCount': 0}
[2020-03-27 22:03:05] Info: Saucer: {'id': 3, 'type': 'dfe::saucer', 'x': 43, 'y': 80, 'altitude': 3, 'maxStepCount': 75}
[2020-03-27 22:03:05] Info: Saucer: {'id': 0, 'type': 'dfe::saucer', 'x': 6, 'y': 20, 'altitude': 2, 'maxStepCount': 0}
[2020-03-27 22:03:05] Info: Saucer: {'id': 3, 'type': 'dfe::saucer', 'x': 44, 'y': 80, 'altitude': 3, 'maxStepCount': 75}
[2020-03-27 22:03:05] Info: Saucer: {'id': 0, 'type': 'dfe::saucer', 'x': 5, 'y': 20, 'altitude': 2, 'maxStepCount': 0}
[2020-03-27 22:03:05] Info: Saucer: {'id': 3, 'type': 'dfe::saucer', 'x': 45, 'y': 80, 'altitude': 3, 'maxStepCount': 75}
[2020-03-27 22:03:05] Info: Saucer: {'id': 0, 'type': 'dfe::saucer', 'x': 6, 'y': 20, 'altitude': 2, 'maxStepCount': 0}
[2020-03-27 22:03:05] Info: Saucer: {'id': 3, 'type': 'dfe::saucer', 'x': 44, 'y': 80, 'altitude': 3, 'maxStepCount': 75}
[2020-03-27 22:03:05] Info: Saucer: {'id': 0, 'type': 'dfe::saucer', 'x': 7, 'y': 20, 'altitude': 2, 'maxStepCount': 0}
[2020-03-27 22:03:05] Info: Saucer: {'id': 3, 'type': 'dfe::saucer', 'x': 43, 'y': 80, 'altitude': 3, 'maxStepCount': 75}
[2020-03-27 22:03:05] Info: Saucer: {'id': 0, 'type': 'dfe::saucer', 'x': 8, 'y': 20, 'altitude': 2, 'maxStepCount': 0}
[2020-03-27 22:03:05] Info: Saucer: {'id': 3, 'type': 'dfe::saucer', 'x': 42, 'y': 80, 'altitude': 3, 'maxStepCount': 75}
[2020-03-27 22:03:05] Info: Saucer: {'id': 0, 'type': 'dfe::saucer', 'x': 9, 'y': 20, 'altitude': 2, 'maxStepCount': 0}
[2020-03-27 22:03:05] Info: Saucer: {'id': 3, 'type': 'dfe::saucer', 'x': 41, 'y': 80, 'altitude': 3, 'maxStepCount': 75}
[2020-03-27 22:03:05] Info: Saucer: {'id': 0, 'type': 'dfe::saucer', 'x': 10, 'y': 20, 'altitude': 2, 'maxStepCount': 0}
[2020-03-27 22:03:05] Info: Saucer: {'id': 3, 'type': 'dfe::saucer', 'x': 40, 'y': 80, 'altitude': 3, 'maxStepCount': 75}
[2020-03-27 22:03:05] Info: Saucer: {'id': 0, 'type': 'dfe::saucer', 'x': 9, 'y': 20, 'altitude': 2, 'maxStepCount': 0}
[2020-03-27 22:03:05] Info: Saucer: {'id': 3, 'type': 'dfe::saucer', 'x': 41, 'y': 80, 'altitude': 3, 'maxStepCount': 75}
[2020-03-27 22:03:05] Info: Saucer: {'id': 0, 'type': 'dfe::saucer', 'x': 8, 'y': 20, 'altitude': 2, 'maxStepCount': 0}
[2020-03-27 22:03:05] Info: Saucer: {'id': 3, 'type': 'dfe::saucer', 'x': 42, 'y': 80, 'altitude': 3, 'maxStepCount': 75}
[2020-03-27 22:03:06] Info: Saucer: {'id': 0, 'type': 'dfe::saucer', 'x': 7, 'y': 20, 'altitude': 2, 'maxStepCount': 0}
[2020-03-27 22:03:06] Info: Saucer: {'id': 3, 'type': 'dfe::saucer', 'x': 43, 'y': 80, 'altitude': 3, 'maxStepCount': 75}
[2020-03-27 22:03:06] Info: Saucer: {'id': 0, 'type': 'dfe::saucer', 'x': 6, 'y': 20, 'altitude': 2, 'maxStepCount': 0}
[2020-03-27 22:03:06] Info: Saucer: {'id': 3, 'type': 'dfe::saucer', 'x': 44, 'y': 80, 'altitude': 3, 'maxStepCount': 75}
[2020-03-27 22:03:06] Info: Saucer: {'id': 0, 'type': 'dfe::saucer', 'x': 5, 'y': 20, 'altitude': 2, 'maxStepCount': 0}
[2020-03-27 22:03:06] Info: Saucer: {'id': 3, 'type': 'dfe::saucer', 'x': 45, 'y': 80, 'altitude': 3, 'maxStepCount': 75}
[2020-03-27 22:03:06] Info: Saucer: {'id': 0, 'type': 'dfe::saucer', 'x': 6, 'y': 20, 'altitude': 2, 'maxStepCount': 0}
[2020-03-27 22:03:06] Info: Saucer: {'id': 3, 'type': 'dfe::saucer', 'x': 44, 'y': 80, 'altitude': 3, 'maxStepCount': 75}
[2020-03-27 22:03:06] Info: Saucer: {'id': 0, 'type': 'dfe::saucer', 'x': 7, 'y': 20, 'altitude': 2, 'maxStepCount': 0}
[2020-03-27 22:03:06] Info: Saucer: {'id': 3, 'type': 'dfe::saucer', 'x': 43, 'y': 80, 'altitude': 3, 'maxStepCount': 75}
[2020-03-27 22:03:06] Info: Saucer: {'id': 0, 'type': 'dfe::saucer', 'x': 8, 'y': 20, 'altitude': 2, 'maxStepCount': 0}
[2020-03-27 22:03:06] Info: Saucer: {'id': 3, 'type': 'dfe::saucer', 'x': 42, 'y': 80, 'altitude': 3, 'maxStepCount': 75}
[2020-03-27 22:03:06] Info: Saucer: {'id': 0, 'type': 'dfe::saucer', 'x': 9, 'y': 20, 'altitude': 2, 'maxStepCount': 0}
[2020-03-27 22:03:06] Info: Saucer: {'id': 3, 'type': 'dfe::saucer', 'x': 41, 'y': 80, 'altitude': 3, 'maxStepCount': 75}
[2020-03-27 22:03:06] Info: Saucer: {'id': 0, 'type': 'dfe::saucer', 'x': 10, 'y': 20, 'altitude': 2, 'maxStepCount': 0}
[2020-03-27 22:03:06] Info: Saucer: {'id': 3, 'type': 'dfe::saucer', 'x': 40, 'y': 80, 'altitude': 3, 'maxStepCount': 75}
[2020-03-27 22:03:06] Info: Saucer: {'id': 0, 'type': 'dfe::saucer', 'x': 9, 'y': 20, 'altitude': 2, 'maxStepCount': 0}
[2020-03-27 22:03:06] Info: Saucer: {'id': 3, 'type': 'dfe::saucer', 'x': 41, 'y': 80, 'altitude': 3, 'maxStepCount': 75}
[2020-03-27 22:03:06] Info: Saucer: {'id': 0, 'type': 'dfe::saucer', 'x': 8, 'y': 20, 'altitude': 2, 'maxStepCount': 0}
[2020-03-27 22:03:06] Info: Saucer: {'id': 3, 'type': 'dfe::saucer', 'x': 42, 'y': 80, 'altitude': 3, 'maxStepCount': 75}
[2020-03-27 22:03:06] Info: Saucer: {'id': 0, 'type': 'dfe::saucer', 'x': 7, 'y': 20, 'altitude': 2, 'maxStepCount': 0}
[2020-03-27 22:03:06] Info: Saucer: {'id': 3, 'type': 'dfe::saucer', 'x': 43, 'y': 80, 'altitude': 3, 'maxStepCount': 75}
[2020-03-27 22:03:06] Info: Saucer: {'id': 0, 'type': 'dfe::saucer', 'x': 6, 'y': 20, 'altitude': 2, 'maxStepCount': 0}
[2020-03-27 22:03:06] Info: Saucer: {'id': 3, 'type': 'dfe::saucer', 'x': 44, 'y': 80, 'altitude': 3, 'maxStepCount': 75}
[2020-03-27 22:03:06] Info: Saucer: {'id': 0, 'type': 'dfe::saucer', 'x': 5, 'y': 20, 'altitude': 2, 'maxStepCount': 0}
[2020-03-27 22:03:06] Info: Saucer: {'id': 3, 'type': 'dfe::saucer', 'x': 45, 'y': 80, 'altitude': 3, 'maxStepCount': 75}
[2020-03-27 22:03:06] Info: Saucer: {'id': 0, 'type': 'dfe::saucer', 'x': 6, 'y': 20, 'altitude': 2, 'maxStepCount': 0}
[2020-03-27 22:03:06] Info: Remove Saucer: {'id': 3, 'type': 'dfe::saucer', 'x': 45, 'y': 80, 'altitude': 3, 'maxStepCount': 75}
[2020-03-27 22:03:06] Info: Saucer: {'id': 3, 'type': 'dfe::saucer', 'x': 46, 'y': 80, 'altitude': 3, 'maxStepCount': 75}
[2020-03-27 22:03:06] Info: Saucer: {'id': 0, 'type': 'dfe::saucer', 'x': 7, 'y': 20, 'altitude': 2, 'maxStepCount': 0}
[2020-03-27 22:03:06] Info: Saucer: {'id': 0, 'type': 'dfe::saucer', 'x': 8, 'y': 20, 'altitude': 2, 'maxStepCount': 0}
[2020-03-27 22:03:06] Info: Saucer: {'id': 0, 'type': 'dfe::saucer', 'x': 9, 'y': 20, 'altitude': 2, 'maxStepCount': 0}
[2020-03-27 22:03:06] Info: Saucer: {'id': 0, 'type': 'dfe::saucer', 'x': 10, 'y': 20, 'altitude': 2, 'maxStepCount': 0}
[2020-03-27 22:03:06] Info: Saucer: {'id': 0, 'type': 'dfe::saucer', 'x': 9, 'y': 20, 'altitude': 2, 'maxStepCount': 0}
[2020-03-27 22:03:06] Info: Saucer: {'id': 0, 'type': 'dfe::saucer', 'x': 8, 'y': 20, 'altitude': 2, 'maxStepCount': 0}
[2020-03-27 22:03:06] Info: Saucer: {'id': 0, 'type': 'dfe::saucer', 'x': 7, 'y': 20, 'altitude': 2, 'maxStepCount': 0}
[2020-03-27 22:03:06] Info: Saucer: {'id': 0, 'type': 'dfe::saucer', 'x': 6, 'y': 20, 'altitude': 2, 'maxStepCount': 0}
[2020-03-27 22:03:06] Info: Saucer: {'id': 0, 'type': 'dfe::saucer', 'x': 5, 'y': 20, 'altitude': 2, 'maxStepCount': 0}
[2020-03-27 22:03:06] Info: Saucer: {'id': 0, 'type': 'dfe::saucer', 'x': 6, 'y': 20, 'altitude': 2, 'maxStepCount': 0}
[2020-03-27 22:03:06] Info: Saucer: {'id': 0, 'type': 'dfe::saucer', 'x': 7, 'y': 20, 'altitude': 2, 'maxStepCount': 0}
[2020-03-27 22:03:06] Info: Saucer: {'id': 0, 'type': 'dfe::saucer', 'x': 8, 'y': 20, 'altitude': 2, 'maxStepCount': 0}
[2020-03-27 22:03:07] Info: Saucer: {'id': 0, 'type': 'dfe::saucer', 'x': 9, 'y': 20, 'altitude': 2, 'maxStepCount': 0}
[2020-03-27 22:03:07] Info: Saucer: {'id': 0, 'type': 'dfe::saucer', 'x': 10, 'y': 20, 'altitude': 2, 'maxStepCount': 0}
[2020-03-27 22:03:07] Info: Saucer: {'id': 0, 'type': 'dfe::saucer', 'x': 9, 'y': 20, 'altitude': 2, 'maxStepCount': 0}
[2020-03-27 22:03:07] Info: Saucer: {'id': 0, 'type': 'dfe::saucer', 'x': 8, 'y': 20, 'altitude': 2, 'maxStepCount': 0}
[2020-03-27 22:03:07] Info: Saucer: {'id': 0, 'type': 'dfe::saucer', 'x': 7, 'y': 20, 'altitude': 2, 'maxStepCount': 0}
[2020-03-27 22:03:07] Info: Saucer: {'id': 0, 'type': 'dfe::saucer', 'x': 6, 'y': 20, 'altitude': 2, 'maxStepCount': 0}
[2020-03-27 22:03:07] Info: Saucer: {'id': 0, 'type': 'dfe::saucer', 'x': 5, 'y': 20, 'altitude': 2, 'maxStepCount': 0}
[2020-03-27 22:03:07] Info: Saucer: {'id': 0, 'type': 'dfe::saucer', 'x': 6, 'y': 20, 'altitude': 2, 'maxStepCount': 0}
[2020-03-27 22:03:07] Info: Saucer: {'id': 0, 'type': 'dfe::saucer', 'x': 7, 'y': 20, 'altitude': 2, 'maxStepCount': 0}
[2020-03-27 22:03:07] Info: Saucer: {'id': 0, 'type': 'dfe::saucer', 'x': 8, 'y': 20, 'altitude': 2, 'maxStepCount': 0}
[2020-03-27 22:03:07] Info: Saucer: {'id': 0, 'type': 'dfe::saucer', 'x': 9, 'y': 20, 'altitude': 2, 'maxStepCount': 0}
[2020-03-27 22:03:07] Info: Saucer: {'id': 0, 'type': 'dfe::saucer', 'x': 10, 'y': 20, 'altitude': 2, 'maxStepCount': 0}
[2020-03-27 22:03:07] Info: Shutting down the df::GameManager...
[2020-03-27 22:03:07] Info: Shutting down the df::WorldManager...
[2020-03-27 22:03:07] Info: Shutting down the df::LogManager...
[2020-03-27 22:06:37] Info: Starting up the df::LogManager...
[2020-03-27 22:06:37] Info: Starting up the df::WorldManager...
[2020-03-27 22:06:37] Info: Starting up the df::GameManager...
[2020-03-27 22:06:37] Info: Crate Saucer: {'id': 0, 'type': 'dfe::saucer', 'x': 10, 'y': 20, 'altitude': 2, 'maxStepCount': 0}
[2020-03-27 22:06:37] Info: Crate Saucer: {'id': 1, 'type': 'dfe::saucer', 'x': 20, 'y': 40, 'altitude': 3, 'maxStepCount': 25}
[2020-03-27 22:06:37] Info: Crate Saucer: {'id': 2, 'type': 'dfe::saucer', 'x': 30, 'y': 60, 'altitude': 2, 'maxStepCount': 50}
[2020-03-27 22:06:37] Info: Crate Saucer: {'id': 3, 'type': 'dfe::saucer', 'x': 40, 'y': 80, 'altitude': 3, 'maxStepCount': 75}
[2020-03-27 22:06:37] Info: Saucer: {'id': 0, 'type': 'dfe::saucer', 'x': 9, 'y': 20, 'altitude': 2, 'maxStepCount': 0}
[2020-03-27 22:06:37] Info: Saucer: {'id': 1, 'type': 'dfe::saucer', 'x': 21, 'y': 40, 'altitude': 3, 'maxStepCount': 25}
[2020-03-27 22:06:37] Info: Saucer: {'id': 2, 'type': 'dfe::saucer', 'x': 31, 'y': 60, 'altitude': 2, 'maxStepCount': 50}
[2020-03-27 22:06:37] Info: Saucer: {'id': 3, 'type': 'dfe::saucer', 'x': 41, 'y': 80, 'altitude': 3, 'maxStepCount': 75}
[2020-03-27 22:06:37] Info: Saucer: {'id': 0, 'type': 'dfe::saucer', 'x': 8, 'y': 20, 'altitude': 2, 'maxStepCount': 0}
[2020-03-27 22:06:37] Info: Saucer: {'id': 1, 'type': 'dfe::saucer', 'x': 22, 'y': 40, 'altitude': 3, 'maxStepCount': 25}
[2020-03-27 22:06:37] Info: Saucer: {'id': 2, 'type': 'dfe::saucer', 'x': 32, 'y': 60, 'altitude': 2, 'maxStepCount': 50}
[2020-03-27 22:06:37] Info: Saucer: {'id': 3, 'type': 'dfe::saucer', 'x': 42, 'y': 80, 'altitude': 3, 'maxStepCount': 75}
[2020-03-27 22:06:37] Info: Saucer: {'id': 0, 'type': 'dfe::saucer', 'x': 7, 'y': 20, 'altitude': 2, 'maxStepCount': 0}
[2020-03-27 22:06:37] Info: Saucer: {'id': 1, 'type': 'dfe::saucer', 'x': 23, 'y': 40, 'altitude': 3, 'maxStepCount': 25}
[2020-03-27 22:06:37] Info: Saucer: {'id': 2, 'type': 'dfe::saucer', 'x': 33, 'y': 60, 'altitude': 2, 'maxStepCount': 50}
[2020-03-27 22:06:37] Info: Saucer: {'id': 3, 'type': 'dfe::saucer', 'x': 43, 'y': 80, 'altitude': 3, 'maxStepCount': 75}
[2020-03-27 22:06:37] Info: Saucer: {'id': 0, 'type': 'dfe::saucer', 'x': 6, 'y': 20, 'altitude': 2, 'maxStepCount': 0}
[2020-03-27 22:06:37] Info: Saucer: {'id': 1, 'type': 'dfe::saucer', 'x': 24, 'y': 40, 'altitude': 3, 'maxStepCount': 25}
[2020-03-27 22:06:37] Info: Saucer: {'id': 2, 'type': 'dfe::saucer', 'x': 34, 'y': 60, 'altitude': 2, 'maxStepCount': 50}
[2020-03-27 22:06:37] Info: Saucer: {'id': 3, 'type': 'dfe::saucer', 'x': 44, 'y': 80, 'altitude': 3, 'maxStepCount': 75}
[2020-03-27 22:06:37] Info: Saucer: {'id': 0, 'type': 'dfe::saucer', 'x': 5, 'y': 20, 'altitude': 2, 'maxStepCount': 0}
[2020-03-27 22:06:37] Info: Saucer: {'id': 1, 'type': 'dfe::saucer', 'x': 25, 'y': 40, 'altitude': 3, 'maxStepCount': 25}
[2020-03-27 22:06:37] Info: Saucer: {'id': 2, 'type': 'dfe::saucer', 'x': 35, 'y': 60, 'altitude': 2, 'maxStepCount': 50}
[2020-03-27 22:06:37] Info: Saucer: {'id': 3, 'type': 'dfe::saucer', 'x': 45, 'y': 80, 'altitude': 3, 'maxStepCount': 75}
[2020-03-27 22:06:37] Info: Saucer: {'id': 0, 'type': 'dfe::saucer', 'x': 6, 'y': 20, 'altitude': 2, 'maxStepCount': 0}
[2020-03-27 22:06:37] Info: Saucer: {'id': 1, 'type': 'dfe::saucer', 'x': 24, 'y': 40, 'altitude': 3, 'maxStepCount': 25}
[2020-03-27 22:06:37] Info: Saucer: {'id': 2, 'type': 'dfe::saucer', 'x': 34, 'y': 60, 'altitude': 2, 'maxStepCount': 50}
[2020-03-27 22:06:37] Info: Saucer: {'id': 3, 'type': 'dfe::saucer', 'x': 44, 'y': 80, 'altitude': 3, 'maxStepCount': 75}
[2020-03-27 22:06:37] Info: Saucer: {'id': 0, 'type': 'dfe::saucer', 'x': 7, 'y': 20, 'altitude': 2, 'maxStepCount': 0}
[2020-03-27 22:06:37] Info: Saucer: {'id': 1, 'type': 'dfe::saucer', 'x': 23, 'y': 40, 'altitude': 3, 'maxStepCount': 25}
[2020-03-27 22:06:37] Info: Saucer: {'id': 2, 'type': 'dfe::saucer', 'x': 33, 'y': 60, 'altitude': 2, 'maxStepCount': 50}
[2020-03-27 22:06:37] Info: Saucer: {'id': 3, 'type': 'dfe::saucer', 'x': 43, 'y': 80, 'altitude': 3, 'maxStepCount': 75}
[2020-03-27 22:06:37] Info: Saucer: {'id': 0, 'type': 'dfe::saucer', 'x': 8, 'y': 20, 'altitude': 2, 'maxStepCount': 0}
[2020-03-27 22:06:37] Info: Saucer: {'id': 1, 'type': 'dfe::saucer', 'x': 22, 'y': 40, 'altitude': 3, 'maxStepCount': 25}
[2020-03-27 22:06:37] Info: Saucer: {'id': 2, 'type': 'dfe::saucer', 'x': 32, 'y': 60, 'altitude': 2, 'maxStepCount': 50}
[2020-03-27 22:06:37] Info: Saucer: {'id': 3, 'type': 'dfe::saucer', 'x': 42, 'y': 80, 'altitude': 3, 'maxStepCount': 75}
[2020-03-27 22:06:37] Info: Saucer: {'id': 0, 'type': 'dfe::saucer', 'x': 9, 'y': 20, 'altitude': 2, 'maxStepCount': 0}
[2020-03-27 22:06:37] Info: Saucer: {'id': 1, 'type': 'dfe::saucer', 'x': 21, 'y': 40, 'altitude': 3, 'maxStepCount': 25}
[2020-03-27 22:06:37] Info: Saucer: {'id': 2, 'type': 'dfe::saucer', 'x': 31, 'y': 60, 'altitude': 2, 'maxStepCount': 50}
[2020-03-27 22:06:37] Info: Saucer: {'id': 3, 'type': 'dfe::saucer', 'x': 41, 'y': 80, 'altitude': 3, 'maxStepCount': 75}
[2020-03-27 22:06:37] Info: Saucer: {'id': 0, 'type': 'dfe::saucer', 'x': 10, 'y': 20, 'altitude': 2, 'maxStepCount': 0}
[2020-03-27 22:06:37] Info: Saucer: {'id': 1, 'type': 'dfe::saucer', 'x': 20, 'y': 40, 'altitude': 3, 'maxStepCount': 25}
[2020-03-27 22:06:37] Info: Saucer: {'id': 2, 'type': 'dfe::saucer', 'x': 30, 'y': 60, 'altitude': 2, 'maxStepCount': 50}
[2020-03-27 22:06:37] Info: Saucer: {'id': 3, 'type': 'dfe::saucer', 'x': 40, 'y': 80, 'altitude': 3, 'maxStepCount': 75}
[2020-03-27 22:06:37] Info: Saucer: {'id': 0, 'type': 'dfe::saucer', 'x': 9, 'y': 20, 'altitude': 2, 'maxStepCount': 0}
[2020-03-27 22:06:37] Info: Saucer: {'id': 1, 'type': 'dfe::saucer', 'x': 21, 'y': 40, 'altitude': 3, 'maxStepCount': 25}
[2020-03-27 22:06:37] Info: Saucer: {'id': 2, 'type': 'dfe::saucer', 'x': 31, 'y': 60, 'altitude': 2, 'maxStepCount': 50}
[2020-03-27 22:06:37] Info: Saucer: {'id': 3, 'type': 'dfe::saucer', 'x': 41, 'y': 80, 'altitude': 3, 'maxStepCount': 75}
[2020-03-27 22:06:37] Info: Saucer: {'id': 0, 'type': 'dfe::saucer', 'x': 8, 'y': 20, 'altitude': 2, 'maxStepCount': 0}
[2020-03-27 22:06:37] Info: Saucer: {'id': 1, 'type': 'dfe::saucer', 'x': 22, 'y': 40, 'altitude': 3, 'maxStepCount': 25}
[2020-03-27 22:06:37] Info: Saucer: {'id': 2, 'type': 'dfe::saucer', 'x': 32, 'y': 60, 'altitude': 2, 'maxStepCount': 50}
[2020-03-27 22:06:37] Info: Saucer: {'id': 3, 'type': 'dfe::saucer', 'x': 42, 'y': 80, 'altitude': 3, 'maxStepCount': 75}
[2020-03-27 22:06:37] Info: Saucer: {'id': 0, 'type': 'dfe::saucer', 'x': 7, 'y': 20, 'altitude': 2, 'maxStepCount': 0}
[2020-03-27 22:06:37] Info: Saucer: {'id': 1, 'type': 'dfe::saucer', 'x': 23, 'y': 40, 'altitude': 3, 'maxStepCount': 25}
[2020-03-27 22:06:37] Info: Saucer: {'id': 2, 'type': 'dfe::saucer', 'x': 33, 'y': 60, 'altitude': 2, 'maxStepCount': 50}
[2020-03-27 22:06:37] Info: Saucer: {'id': 3, 'type': 'dfe::saucer', 'x': 43, 'y': 80, 'altitude': 3, 'maxStepCount': 75}
[2020-03-27 22:06:37] Info: Saucer: {'id': 0, 'type': 'dfe::saucer', 'x': 6, 'y': 20, 'altitude': 2, 'maxStepCount': 0}
[2020-03-27 22:06:37] Info: Saucer: {'id': 1, 'type': 'dfe::saucer', 'x': 24, 'y': 40, 'altitude': 3, 'maxStepCount': 25}
[2020-03-27 22:06:37] Info: Saucer: {'id': 2, 'type': 'dfe::saucer', 'x': 34, 'y': 60, 'altitude': 2, 'maxStepCount': 50}
[2020-03-27 22:06:37] Info: Saucer: {'id': 3, 'type': 'dfe::saucer', 'x': 44, 'y': 80, 'altitude': 3, 'maxStepCount': 75}
[2020-03-27 22:06:37] Info: Saucer: {'id': 0, 'type': 'dfe::saucer', 'x': 5, 'y': 20, 'altitude': 2, 'maxStepCount': 0}
[2020-03-27 22:06:37] Info: Saucer: {'id': 1, 'type': 'dfe::saucer', 'x': 25, 'y': 40, 'altitude': 3, 'maxStepCount': 25}
[2020-03-27 22:06:37] Info: Saucer: {'id': 2, 'type': 'dfe::saucer', 'x': 35, 'y': 60, 'altitude': 2, 'maxStepCount': 50}
[2020-03-27 22:06:37] Info: Saucer: {'id': 3, 'type': 'dfe::saucer', 'x': 45, 'y': 80, 'altitude': 3, 'maxStepCount': 75}
[2020-03-27 22:06:37] Info: Saucer: {'id': 0, 'type': 'dfe::saucer', 'x': 6, 'y': 20, 'altitude': 2, 'maxStepCount': 0}
[2020-03-27 22:06:37] Info: Saucer: {'id': 1, 'type': 'dfe::saucer', 'x': 24, 'y': 40, 'altitude': 3, 'maxStepCount': 25}
[2020-03-27 22:06:37] Info: Saucer: {'id': 2, 'type': 'dfe::saucer', 'x': 34, 'y': 60, 'altitude': 2, 'maxStepCount': 50}
[2020-03-27 22:06:37] Info: Saucer: {'id': 3, 'type': 'dfe::saucer', 'x': 44, 'y': 80, 'altitude': 3, 'maxStepCount': 75}
[2020-03-27 22:06:38] Info: Saucer: {'id': 0, 'type': 'dfe::saucer', 'x': 7, 'y': 20, 'altitude': 2, 'maxStepCount': 0}
[2020-03-27 22:06:38] Info: Saucer: {'id': 1, 'type': 'dfe::saucer', 'x': 23, 'y': 40, 'altitude': 3, 'maxStepCount': 25}
[2020-03-27 22:06:38] Info: Saucer: {'id': 2, 'type': 'dfe::saucer', 'x': 33, 'y': 60, 'altitude': 2, 'maxStepCount': 50}
[2020-03-27 22:06:38] Info: Saucer: {'id': 3, 'type': 'dfe::saucer', 'x': 43, 'y': 80, 'altitude': 3, 'maxStepCount': 75}
[2020-03-27 22:06:38] Info: Saucer: {'id': 0, 'type': 'dfe::saucer', 'x': 8, 'y': 20, 'altitude': 2, 'maxStepCount': 0}
[2020-03-27 22:06:38] Info: Saucer: {'id': 1, 'type': 'dfe::saucer', 'x': 22, 'y': 40, 'altitude': 3, 'maxStepCount': 25}
[2020-03-27 22:06:38] Info: Saucer: {'id': 2, 'type': 'dfe::saucer', 'x': 32, 'y': 60, 'altitude': 2, 'maxStepCount': 50}
[2020-03-27 22:06:38] Info: Saucer: {'id': 3, 'type': 'dfe::saucer', 'x': 42, 'y': 80, 'altitude': 3, 'maxStepCount': 75}
[2020-03-27 22:06:38] Info: Saucer: {'id': 0, 'type': 'dfe::saucer', 'x': 9, 'y': 20, 'altitude': 2, 'maxStepCount': 0}
[2020-03-27 22:06:38] Info: Saucer: {'id': 1, 'type': 'dfe::saucer', 'x': 21, 'y': 40, 'altitude': 3, 'maxStepCount': 25}
[2020-03-27 22:06:38] Info: Saucer: {'id': 2, 'type': 'dfe::saucer', 'x': 31, 'y': 60, 'altitude': 2, 'maxStepCount': 50}
[2020-03-27 22:06:38] Info: Saucer: {'id': 3, 'type': 'dfe::saucer', 'x': 41, 'y': 80, 'altitude': 3, 'maxStepCount': 75}
[2020-03-27 22:06:38] Info: Saucer: {'id': 0, 'type': 'dfe::saucer', 'x': 10, 'y': 20, 'altitude': 2, 'maxStepCount': 0}
[2020-03-27 22:06:38] Info: Saucer: {'id': 1, 'type': 'dfe::saucer', 'x': 20, 'y': 40, 'altitude': 3, 'maxStepCount': 25}
[2020-03-27 22:06:38] Info: Saucer: {'id': 2, 'type': 'dfe::saucer', 'x': 30, 'y': 60, 'altitude': 2, 'maxStepCount': 50}
[2020-03-27 22:06:38] Info: Saucer: {'id': 3, 'type': 'dfe::saucer', 'x': 40, 'y': 80, 'altitude': 3, 'maxStepCount': 75}
[2020-03-27 22:06:38] Info: Saucer: {'id': 0, 'type': 'dfe::saucer', 'x': 9, 'y': 20, 'altitude': 2, 'maxStepCount': 0}
[2020-03-27 22:06:38] Info: Saucer: {'id': 1, 'type': 'dfe::saucer', 'x': 21, 'y': 40, 'altitude': 3, 'maxStepCount': 25}
[2020-03-27 22:06:38] Info: Saucer: {'id': 2, 'type': 'dfe::saucer', 'x': 31, 'y': 60, 'altitude': 2, 'maxStepCount': 50}
[2020-03-27 22:06:38] Info: Saucer: {'id': 3, 'type': 'dfe::saucer', 'x': 41, 'y': 80, 'altitude': 3, 'maxStepCount': 75}
[2020-03-27 22:06:38] Info: Saucer: {'id': 0, 'type': 'dfe::saucer', 'x': 8, 'y': 20, 'altitude': 2, 'maxStepCount': 0}
[2020-03-27 22:06:38] Info: Saucer: {'id': 1, 'type': 'dfe::saucer', 'x': 22, 'y': 40, 'altitude': 3, 'maxStepCount': 25}
[2020-03-27 22:06:38] Info: Saucer: {'id': 2, 'type': 'dfe::saucer', 'x': 32, 'y': 60, 'altitude': 2, 'maxStepCount': 50}
[2020-03-27 22:06:38] Info: Saucer: {'id': 3, 'type': 'dfe::saucer', 'x': 42, 'y': 80, 'altitude': 3, 'maxStepCount': 75}
[2020-03-27 22:06:38] Info: Saucer: {'id': 0, 'type': 'dfe::saucer', 'x': 7, 'y': 20, 'altitude': 2, 'maxStepCount': 0}
[2020-03-27 22:06:38] Info: Saucer: {'id': 1, 'type': 'dfe::saucer', 'x': 23, 'y': 40, 'altitude': 3, 'maxStepCount': 25}
[2020-03-27 22:06:38] Info: Saucer: {'id': 2, 'type': 'dfe::saucer', 'x': 33, 'y': 60, 'altitude': 2, 'maxStepCount': 50}
[2020-03-27 22:06:38] Info: Saucer: {'id': 3, 'type': 'dfe::saucer', 'x': 43, 'y': 80, 'altitude': 3, 'maxStepCount': 75}
[2020-03-27 22:06:38] Info: Saucer: {'id': 0, 'type': 'dfe::saucer', 'x': 6, 'y': 20, 'altitude': 2, 'maxStepCount': 0}
[2020-03-27 22:06:38] Info: Saucer: {'id': 1, 'type': 'dfe::saucer', 'x': 24, 'y': 40, 'altitude': 3, 'maxStepCount': 25}
[2020-03-27 22:06:38] Info: Saucer: {'id': 2, 'type': 'dfe::saucer', 'x': 34, 'y': 60, 'altitude': 2, 'maxStepCount': 50}
[2020-03-27 22:06:38] Info: Saucer: {'id': 3, 'type': 'dfe::saucer', 'x': 44, 'y': 80, 'altitude': 3, 'maxStepCount': 75}
[2020-03-27 22:06:38] Info: Saucer: {'id': 0, 'type': 'dfe::saucer', 'x': 5, 'y': 20, 'altitude': 2, 'maxStepCount': 0}
[2020-03-27 22:06:38] Info: Saucer: {'id': 1, 'type': 'dfe::saucer', 'x': 25, 'y': 40, 'altitude': 3, 'maxStepCount': 25}
[2020-03-27 22:06:38] Info: Saucer: {'id': 2, 'type': 'dfe::saucer', 'x': 35, 'y': 60, 'altitude': 2, 'maxStepCount': 50}
[2020-03-27 22:06:38] Info: Saucer: {'id': 3, 'type': 'dfe::saucer', 'x': 45, 'y': 80, 'altitude': 3, 'maxStepCount': 75}
[2020-03-27 22:06:38] Info: Saucer: {'id': 0, 'type': 'dfe::saucer', 'x': 6, 'y': 20, 'altitude': 2, 'maxStepCount': 0}
[2020-03-27 22:06:38] Info: Remove Saucer: {'id': 1, 'type': 'dfe::saucer', 'x': 25, 'y': 40, 'altitude': 3, 'maxStepCount': 25}
[2020-03-27 22:06:38] Info: Saucer: {'id': 1, 'type': 'dfe::saucer', 'x': 26, 'y': 40, 'altitude': 3, 'maxStepCount': 25}
[2020-03-27 22:06:38] Info: Saucer: {'id': 2, 'type': 'dfe::saucer', 'x': 34, 'y': 60, 'altitude': 2, 'maxStepCount': 50}
[2020-03-27 22:06:38] Info: Saucer: {'id': 3, 'type': 'dfe::saucer', 'x': 44, 'y': 80, 'altitude': 3, 'maxStepCount': 75}
[2020-03-27 22:06:38] Info: Saucer: {'id': 0, 'type': 'dfe::saucer', 'x': 7, 'y': 20, 'altitude': 2, 'maxStepCount': 0}
[2020-03-27 22:06:38] Info: Saucer: {'id': 2, 'type': 'dfe::saucer', 'x': 33, 'y': 60, 'altitude': 2, 'maxStepCount': 50}
[2020-03-27 22:06:38] Info: Saucer: {'id': 3, 'type': 'dfe::saucer', 'x': 43, 'y': 80, 'altitude': 3, 'maxStepCount': 75}
[2020-03-27 22:06:38] Info: Saucer: {'id': 0, 'type': 'dfe::saucer', 'x': 8, 'y': 20, 'altitude': 2, 'maxStepCount': 0}
[2020-03-27 22:06:38] Info: Saucer: {'id': 2, 'type': 'dfe::saucer', 'x': 32, 'y': 60, 'altitude': 2, 'maxStepCount': 50}
[2020-03-27 22:06:38] Info: Saucer: {'id': 3, 'type': 'dfe::saucer', 'x': 42, 'y': 80, 'altitude': 3, 'maxStepCount': 75}
[2020-03-27 22:06:38] Info: Saucer: {'id': 0, 'type': 'dfe::saucer', 'x': 9, 'y': 20, 'altitude': 2, 'maxStepCount': 0}
[2020-03-27 22:06:38] Info: Saucer: {'id': 2, 'type': 'dfe::saucer', 'x': 31, 'y': 60, 'altitude': 2, 'maxStepCount': 50}
[2020-03-27 22:06:38] Info: Saucer: {'id': 3, 'type': 'dfe::saucer', 'x': 41, 'y': 80, 'altitude': 3, 'maxStepCount': 75}
[2020-03-27 22:06:38] Info: Saucer: {'id': 0, 'type': 'dfe::saucer', 'x': 10, 'y': 20, 'altitude': 2, 'maxStepCount': 0}
[2020-03-27 22:06:38] Info: Saucer: {'id': 2, 'type': 'dfe::saucer', 'x': 30, 'y': 60, 'altitude': 2, 'maxStepCount': 50}
[2020-03-27 22:06:38] Info: Saucer: {'id': 3, 'type': 'dfe::saucer', 'x': 40, 'y': 80, 'altitude': 3, 'maxStepCount': 75}
[2020-03-27 22:06:38] Info: Saucer: {'id': 0, 'type': 'dfe::saucer', 'x': 9, 'y': 20, 'altitude': 2, 'maxStepCount': 0}
[2020-03-27 22:06:38] Info: Saucer: {'id': 2, 'type': 'dfe::saucer', 'x': 31, 'y': 60, 'altitude': 2, 'maxStepCount': 50}
[2020-03-27 22:06:38] Info: Saucer: {'id': 3, 'type': 'dfe::saucer', 'x': 41, 'y': 80, 'altitude': 3, 'maxStepCount': 75}
[2020-03-27 22:06:38] Info: Saucer: {'id': 0, 'type': 'dfe::saucer', 'x': 8, 'y': 20, 'altitude': 2, 'maxStepCount': 0}
[2020-03-27 22:06:38] Info: Saucer: {'id': 2, 'type': 'dfe::saucer', 'x': 32, 'y': 60, 'altitude': 2, 'maxStepCount': 50}
[2020-03-27 22:06:38] Info: Saucer: {'id': 3, 'type': 'dfe::saucer', 'x': 42, 'y': 80, 'altitude': 3, 'maxStepCount': 75}
[2020-03-27 22:06:38] Info: Saucer: {'id': 0, 'type': 'dfe::saucer', 'x': 7, 'y': 20, 'altitude': 2, 'maxStepCount': 0}
[2020-03-27 22:06:38] Info: Saucer: {'id': 2, 'type': 'dfe::saucer', 'x': 33, 'y': 60, 'altitude': 2, 'maxStepCount': 50}
[2020-03-27 22:06:38] Info: Saucer: {'id': 3, 'type': 'dfe::saucer', 'x': 43, 'y': 80, 'altitude': 3, 'maxStepCount': 75}
[2020-03-27 22:06:38] Info: Saucer: {'id': 0, 'type': 'dfe::saucer', 'x': 6, 'y': 20, 'altitude': 2, 'maxStepCount': 0}
[2020-03-27 22:06:38] Info: Saucer: {'id': 2, 'type': 'dfe::saucer', 'x': 34, 'y': 60, 'altitude': 2, 'maxStepCount': 50}
[2020-03-27 22:06:38] Info: Saucer: {'id': 3, 'type': 'dfe::saucer', 'x': 44, 'y': 80, 'altitude': 3, 'maxStepCount': 75}
[2020-03-27 22:06:38] Info: Saucer: {'id': 0, 'type': 'dfe::saucer', 'x': 5, 'y': 20, 'altitude': 2, 'maxStepCount': 0}
[2020-03-27 22:06:38] Info: Saucer: {'id': 2, 'type': 'dfe::saucer', 'x': 35, 'y': 60, 'altitude': 2, 'maxStepCount': 50}
[2020-03-27 22:06:38] Info: Saucer: {'id': 3, 'type': 'dfe::saucer', 'x': 45, 'y': 80, 'altitude': 3, 'maxStepCount': 75}
[2020-03-27 22:06:38] Info: Saucer: {'id': 0, 'type': 'dfe::saucer', 'x': 6, 'y': 20, 'altitude': 2, 'maxStepCount': 0}
[2020-03-27 22:06:38] Info: Saucer: {'id': 2, 'type': 'dfe::saucer', 'x': 34, 'y': 60, 'altitude': 2, 'maxStepCount': 50}
[2020-03-27 22:06:38] Info: Saucer: {'id': 3, 'type': 'dfe::saucer', 'x': 44, 'y': 80, 'altitude': 3, 'maxStepCount': 75}
[2020-03-27 22:06:38] Info: Saucer: {'id': 0, 'type': 'dfe::saucer', 'x': 7, 'y': 20, 'altitude': 2, 'maxStepCount': 0}
[2020-03-27 22:06:38] Info: Saucer: {'id': 2, 'type': 'dfe::saucer', 'x': 33, 'y': 60, 'altitude': 2, 'maxStepCount': 50}
[2020-03-27 22:06:38] Info: Saucer: {'id': 3, 'type': 'dfe::saucer', 'x': 43, 'y': 80, 'altitude': 3, 'maxStepCount': 75}
[2020-03-27 22:06:38] Info: Saucer: {'id': 0, 'type': 'dfe::saucer', 'x': 8, 'y': 20, 'altitude': 2, 'maxStepCount': 0}
[2020-03-27 22:06:38] Info: Saucer: {'id': 2, 'type': 'dfe::saucer', 'x': 32, 'y': 60, 'altitude': 2, 'maxStepCount': 50}
[2020-03-27 22:06:38] Info: Saucer: {'id': 3, 'type': 'dfe::saucer', 'x': 42, 'y': 80, 'altitude': 3, 'maxStepCount': 75}
[2020-03-27 22:06:38] Info: Saucer: {'id': 0, 'type': 'dfe::saucer', 'x': 9, 'y': 20, 'altitude': 2, 'maxStepCount': 0}
[2020-03-27 22:06:38] Info: Saucer: {'id': 2, 'type': 'dfe::saucer', 'x': 31, 'y': 60, 'altitude': 2, 'maxStepCount': 50}
[2020-03-27 22:06:38] Info: Saucer: {'id': 3, 'type': 'dfe::saucer', 'x': 41, 'y': 80, 'altitude': 3, 'maxStepCount': 75}
[2020-03-27 22:06:38] Info: Saucer: {'id': 0, 'type': 'dfe::saucer', 'x': 10, 'y': 20, 'altitude': 2, 'maxStepCount': 0}
[2020-03-27 22:06:38] Info: Saucer: {'id': 2, 'type': 'dfe::saucer', 'x': 30, 'y': 60, 'altitude': 2, 'maxStepCount': 50}
[2020-03-27 22:06:38] Info: Saucer: {'id': 3, 'type': 'dfe::saucer', 'x': 40, 'y': 80, 'altitude': 3, 'maxStepCount': 75}
[2020-03-27 22:06:38] Info: Saucer: {'id': 0, 'type': 'dfe::saucer', 'x': 9, 'y': 20, 'altitude': 2, 'maxStepCount': 0}
[2020-03-27 22:06:38] Info: Saucer: {'id': 2, 'type': 'dfe::saucer', 'x': 31, 'y': 60, 'altitude': 2, 'maxStepCount': 50}
[2020-03-27 22:06:38] Info: Saucer: {'id': 3, 'type': 'dfe::saucer', 'x': 41, 'y': 80, 'altitude': 3, 'maxStepCount': 75}
[2020-03-27 22:06:38] Info: Saucer: {'id': 0, 'type': 'dfe::saucer', 'x': 8, 'y': 20, 'altitude': 2, 'maxStepCount': 0}
[2020-03-27 22:06:38] Info: Saucer: {'id': 2, 'type': 'dfe::saucer', 'x': 32, 'y': 60, 'altitude': 2, 'maxStepCount': 50}
[2020-03-27 22:06:38] Info: Saucer: {'id': 3, 'type': 'dfe::saucer', 'x': 42, 'y': 80, 'altitude': 3, 'maxStepCount': 75}
[2020-03-27 22:06:38] Info: Saucer: {'id': 0, 'type': 'dfe::saucer', 'x': 7, 'y': 20, 'altitude': 2, 'maxStepCount': 0}
[2020-03-27 22:06:38] Info: Saucer: {'id': 2, 'type': 'dfe::saucer', 'x': 33, 'y': 60, 'altitude': 2, 'maxStepCount': 50}
[2020-03-27 22:06:38] Info: Saucer: {'id': 3, 'type': 'dfe::saucer', 'x': 43, 'y': 80, 'altitude': 3, 'maxStepCount': 75}
[2020-03-27 22:06:38] Info: Saucer: {'id': 0, 'type': 'dfe::saucer', 'x': 6, 'y': 20, 'altitude': 2, 'maxStepCount': 0}
[2020-03-27 22:06:38] Info: Saucer: {'id': 2, 'type': 'dfe::saucer', 'x': 34, 'y': 60, 'altitude': 2, 'maxStepCount': 50}
[2020-03-27 22:06:38] Info: Saucer: {'id': 3, 'type': 'dfe::saucer', 'x': 44, 'y': 80, 'altitude': 3, 'maxStepCount': 75}
[2020-03-27 22:06:39] Info: Saucer: {'id': 0, 'type': 'dfe::saucer', 'x': 5, 'y': 20, 'altitude': 2, 'maxStepCount': 0}
[2020-03-27 22:06:39] Info: Saucer: {'id': 2, 'type': 'dfe::saucer', 'x': 35, 'y': 60, 'altitude': 2, 'maxStepCount': 50}
[2020-03-27 22:06:39] Info: Saucer: {'id': 3, 'type': 'dfe::saucer', 'x': 45, 'y': 80, 'altitude': 3, 'maxStepCount': 75}
[2020-03-27 22:06:39] Info: Saucer: {'id': 0, 'type': 'dfe::saucer', 'x': 6, 'y': 20, 'altitude': 2, 'maxStepCount': 0}
[2020-03-27 22:06:39] Info: Saucer: {'id': 2, 'type': 'dfe::saucer', 'x': 34, 'y': 60, 'altitude': 2, 'maxStepCount': 50}
[2020-03-27 22:06:39] Info: Saucer: {'id': 3, 'type': 'dfe::saucer', 'x': 44, 'y': 80, 'altitude': 3, 'maxStepCount': 75}
[2020-03-27 22:06:39] Info: Saucer: {'id': 0, 'type': 'dfe::saucer', 'x': 7, 'y': 20, 'altitude': 2, 'maxStepCount': 0}
[2020-03-27 22:06:39] Info: Saucer: {'id': 2, 'type': 'dfe::saucer', 'x': 33, 'y': 60, 'altitude': 2, 'maxStepCount': 50}
[2020-03-27 22:06:39] Info: Saucer: {'id': 3, 'type': 'dfe::saucer', 'x': 43, 'y': 80, 'altitude': 3, 'maxStepCount': 75}
[2020-03-27 22:06:39] Info: Saucer: {'id': 0, 'type': 'dfe::saucer', 'x': 8, 'y': 20, 'altitude': 2, 'maxStepCount': 0}
[2020-03-27 22:06:39] Info: Saucer: {'id': 2, 'type': 'dfe::saucer', 'x': 32, 'y': 60, 'altitude': 2, 'maxStepCount': 50}
[2020-03-27 22:06:39] Info: Saucer: {'id': 3, 'type': 'dfe::saucer', 'x': 42, 'y': 80, 'altitude': 3, 'maxStepCount': 75}
[2020-03-27 22:06:39] Info: Saucer: {'id': 0, 'type': 'dfe::saucer', 'x': 9, 'y': 20, 'altitude': 2, 'maxStepCount': 0}
[2020-03-27 22:06:39] Info: Saucer: {'id': 2, 'type': 'dfe::saucer', 'x': 31, 'y': 60, 'altitude': 2, 'maxStepCount': 50}
[2020-03-27 22:06:39] Info: Saucer: {'id': 3, 'type': 'dfe::saucer', 'x': 41, 'y': 80, 'altitude': 3, 'maxStepCount': 75}
[2020-03-27 22:06:39] Info: Saucer: {'id': 0, 'type': 'dfe::saucer', 'x': 10, 'y': 20, 'altitude': 2, 'maxStepCount': 0}
[2020-03-27 22:06:39] Info: Saucer: {'id': 2, 'type': 'dfe::saucer', 'x': 30, 'y': 60, 'altitude': 2, 'maxStepCount': 50}
[2020-03-27 22:06:39] Info: Saucer: {'id': 3, 'type': 'dfe::saucer', 'x': 40, 'y': 80, 'altitude': 3, 'maxStepCount': 75}
[2020-03-27 22:06:39] Info: Saucer: {'id': 0, 'type': 'dfe::saucer', 'x': 9, 'y': 20, 'altitude': 2, 'maxStepCount': 0}
[2020-03-27 22:06:39] Info: Remove Saucer: {'id': 2, 'type': 'dfe::saucer', 'x': 30, 'y': 60, 'altitude': 2, 'maxStepCount': 50}
[2020-03-27 22:06:39] Info: Saucer: {'id': 2, 'type': 'dfe::saucer', 'x': 29, 'y': 60, 'altitude': 2, 'maxStepCount': 50}
[2020-03-27 22:06:39] Info: Saucer: {'id': 3, 'type': 'dfe::saucer', 'x': 41, 'y': 80, 'altitude': 3, 'maxStepCount': 75}
[2020-03-27 22:06:39] Info: Saucer: {'id': 0, 'type': 'dfe::saucer', 'x': 8, 'y': 20, 'altitude': 2, 'maxStepCount': 0}
[2020-03-27 22:06:39] Info: Saucer: {'id': 3, 'type': 'dfe::saucer', 'x': 42, 'y': 80, 'altitude': 3, 'maxStepCount': 75}
[2020-03-27 22:06:39] Info: Saucer: {'id': 0, 'type': 'dfe::saucer', 'x': 7, 'y': 20, 'altitude': 2, 'maxStepCount': 0}
[2020-03-27 22:06:39] Info: Saucer: {'id': 3, 'type': 'dfe::saucer', 'x': 43, 'y': 80, 'altitude': 3, 'maxStepCount': 75}
[2020-03-27 22:06:39] Info: Saucer: {'id': 0, 'type': 'dfe::saucer', 'x': 6, 'y': 20, 'altitude': 2, 'maxStepCount': 0}
[2020-03-27 22:06:39] Info: Saucer: {'id': 3, 'type': 'dfe::saucer', 'x': 44, 'y': 80, 'altitude': 3, 'maxStepCount': 75}
[2020-03-27 22:06:39] Info: Saucer: {'id': 0, 'type': 'dfe::saucer', 'x': 5, 'y': 20, 'altitude': 2, 'maxStepCount': 0}
[2020-03-27 22:06:39] Info: Saucer: {'id': 3, 'type': 'dfe::saucer', 'x': 45, 'y': 80, 'altitude': 3, 'maxStepCount': 75}
[2020-03-27 22:06:39] Info: Saucer: {'id': 0, 'type': 'dfe::saucer', 'x': 6, 'y': 20, 'altitude': 2, 'maxStepCount': 0}
[2020-03-27 22:06:39] Info: Saucer: {'id': 3, 'type': 'dfe::saucer', 'x': 44, 'y': 80, 'altitude': 3, 'maxStepCount': 75}
[2020-03-27 22:06:39] Info: Saucer: {'id': 0, 'type': 'dfe::saucer', 'x': 7, 'y': 20, 'altitude': 2, 'maxStepCount': 0}
[2020-03-27 22:06:39] Info: Saucer: {'id': 3, 'type': 'dfe::saucer', 'x': 43, 'y': 80, 'altitude': 3, 'maxStepCount': 75}
[2020-03-27 22:06:39] Info: Saucer: {'id': 0, 'type': 'dfe::saucer', 'x': 8, 'y': 20, 'altitude': 2, 'maxStepCount': 0}
[2020-03-27 22:06:39] Info: Saucer: {'id': 3, 'type': 'dfe::saucer', 'x': 42, 'y': 80, 'altitude': 3, 'maxStepCount': 75}
[2020-03-27 22:06:39] Info: Saucer: {'id': 0, 'type': 'dfe::saucer', 'x': 9, 'y': 20, 'altitude': 2, 'maxStepCount': 0}
[2020-03-27 22:06:39] Info: Saucer: {'id': 3, 'type': 'dfe::saucer', 'x': 41, 'y': 80, 'altitude': 3, 'maxStepCount': 75}
[2020-03-27 22:06:39] Info: Saucer: {'id': 0, 'type': 'dfe::saucer', 'x': 10, 'y': 20, 'altitude': 2, 'maxStepCount': 0}
[2020-03-27 22:06:39] Info: Saucer: {'id': 3, 'type': 'dfe::saucer', 'x': 40, 'y': 80, 'altitude': 3, 'maxStepCount': 75}
[2020-03-27 22:06:39] Info: Saucer: {'id': 0, 'type': 'dfe::saucer', 'x': 9, 'y': 20, 'altitude': 2, 'maxStepCount': 0}
[2020-03-27 22:06:39] Info: Saucer: {'id': 3, 'type': 'dfe::saucer', 'x': 41, 'y': 80, 'altitude': 3, 'maxStepCount': 75}
[2020-03-27 22:06:39] Info: Saucer: {'id': 0, 'type': 'dfe::saucer', 'x': 8, 'y': 20, 'altitude': 2, 'maxStepCount': 0}
[2020-03-27 22:06:39] Info: Saucer: {'id': 3, 'type': 'dfe::saucer', 'x': 42, 'y': 80, 'altitude': 3, 'maxStepCount': 75}
[2020-03-27 22:06:39] Info: Saucer: {'id': 0, 'type': 'dfe::saucer', 'x': 7, 'y': 20, 'altitude': 2, 'maxStepCount': 0}
[2020-03-27 22:06:39] Info: Saucer: {'id': 3, 'type': 'dfe::saucer', 'x': 43, 'y': 80, 'altitude': 3, 'maxStepCount': 75}
[2020-03-27 22:06:39] Info: Saucer: {'id': 0, 'type': 'dfe::saucer', 'x': 6, 'y': 20, 'altitude': 2, 'maxStepCount': 0}
[2020-03-27 22:06:39] Info: Saucer: {'id': 3, 'type': 'dfe::saucer', 'x': 44, 'y': 80, 'altitude': 3, 'maxStepCount': 75}
[2020-03-27 22:06:39] Info: Saucer: {'id': 0, 'type': 'dfe::saucer', 'x': 5, 'y': 20, 'altitude': 2, 'maxStepCount': 0}
[2020-03-27 22:06:39] Info: Saucer: {'id': 3, 'type': 'dfe::saucer', 'x': 45, 'y': 80, 'altitude': 3, 'maxStepCount': 75}
[2020-03-27 22:06:39] Info: Saucer: {'id': 0, 'type': 'dfe::saucer', 'x': 6, 'y': 20, 'altitude': 2, 'maxStepCount': 0}
[2020-03-27 22:06:39] Info: Saucer: {'id': 3, 'type': 'dfe::saucer', 'x': 44, 'y': 80, 'altitude': 3, 'maxStepCount': 75}
[2020-03-27 22:06:39] Info: Saucer: {'id': 0, 'type': 'dfe::saucer', 'x': 7, 'y': 20, 'altitude': 2, 'maxStepCount': 0}
[2020-03-27 22:06:39] Info: Saucer: {'id': 3, 'type': 'dfe::saucer', 'x': 43, 'y': 80, 'altitude': 3, 'maxStepCount': 75}
[2020-03-27 22:06:39] Info: Saucer: {'id': 0, 'type': 'dfe::saucer', 'x': 8, 'y': 20, 'altitude': 2, 'maxStepCount': 0}
[2020-03-27 22:06:39] Info: Saucer: {'id': 3, 'type': 'dfe::saucer', 'x': 42, 'y': 80, 'altitude': 3, 'maxStepCount': 75}
[2020-03-27 22:06:39] Info: Saucer: {'id': 0, 'type': 'dfe::saucer', 'x': 9, 'y': 20, 'altitude': 2, 'maxStepCount': 0}
[2020-03-27 22:06:39] Info: Saucer: {'id': 3, 'type': 'dfe::saucer', 'x': 41, 'y': 80, 'altitude': 3, 'maxStepCount': 75}
[2020-03-27 22:06:39] Info: Saucer: {'id': 0, 'type': 'dfe::saucer', 'x': 10, 'y': 20, 'altitude': 2, 'maxStepCount': 0}
[2020-03-27 22:06:39] Info: Saucer: {'id': 3, 'type': 'dfe::saucer', 'x': 40, 'y': 80, 'altitude': 3, 'maxStepCount': 75}
[2020-03-27 22:06:39] Info: Saucer: {'id': 0, 'type': 'dfe::saucer', 'x': 9, 'y': 20, 'altitude': 2, 'maxStepCount': 0}
[2020-03-27 22:06:39] Info: Saucer: {'id': 3, 'type': 'dfe::saucer', 'x': 41, 'y': 80, 'altitude': 3, 'maxStepCount': 75}
[2020-03-27 22:06:40] Info: Saucer: {'id': 0, 'type': 'dfe::saucer', 'x': 8, 'y': 20, 'altitude': 2, 'maxStepCount': 0}
[2020-03-27 22:06:40] Info: Saucer: {'id': 3, 'type': 'dfe::saucer', 'x': 42, 'y': 80, 'altitude': 3, 'maxStepCount': 75}
[2020-03-27 22:06:40] Info: Saucer: {'id': 0, 'type': 'dfe::saucer', 'x': 7, 'y': 20, 'altitude': 2, 'maxStepCount': 0}
[2020-03-27 22:06:40] Info: Saucer: {'id': 3, 'type': 'dfe::saucer', 'x': 43, 'y': 80, 'altitude': 3, 'maxStepCount': 75}
[2020-03-27 22:06:40] Info: Saucer: {'id': 0, 'type': 'dfe::saucer', 'x': 6, 'y': 20, 'altitude': 2, 'maxStepCount': 0}
[2020-03-27 22:06:40] Info: Saucer: {'id': 3, 'type': 'dfe::saucer', 'x': 44, 'y': 80, 'altitude': 3, 'maxStepCount': 75}
[2020-03-27 22:06:40] Info: Saucer: {'id': 0, 'type': 'dfe::saucer', 'x': 5, 'y': 20, 'altitude': 2, 'maxStepCount': 0}
[2020-03-27 22:06:40] Info: Saucer: {'id': 3, 'type': 'dfe::saucer', 'x': 45, 'y': 80, 'altitude': 3, 'maxStepCount': 75}
[2020-03-27 22:06:40] Info: Saucer: {'id': 0, 'type': 'dfe::saucer', 'x': 6, 'y': 20, 'altitude': 2, 'maxStepCount': 0}
[2020-03-27 22:06:40] Info: Remove Saucer: {'id': 3, 'type': 'dfe::saucer', 'x': 45, 'y': 80, 'altitude': 3, 'maxStepCount': 75}
[2020-03-27 22:06:40] Info: Saucer: {'id': 3, 'type': 'dfe::saucer', 'x': 46, 'y': 80, 'altitude': 3, 'maxStepCount': 75}
[2020-03-27 22:06:40] Info: Saucer: {'id': 0, 'type': 'dfe::saucer', 'x': 7, 'y': 20, 'altitude': 2, 'maxStepCount': 0}
[2020-03-27 22:06:40] Info: Saucer: {'id': 0, 'type': 'dfe::saucer', 'x': 8, 'y': 20, 'altitude': 2, 'maxStepCount': 0}
[2020-03-27 22:06:40] Info: Saucer: {'id': 0, 'type': 'dfe::saucer', 'x': 9, 'y': 20, 'altitude': 2, 'maxStepCount': 0}
[2020-03-27 22:06:40] Info: Saucer: {'id': 0, 'type': 'dfe::saucer', 'x': 10, 'y': 20, 'altitude': 2, 'maxStepCount': 0}
[2020-03-27 22:06:40] Info: Saucer: {'id': 0, 'type': 'dfe::saucer', 'x': 9, 'y': 20, 'altitude': 2, 'maxStepCount': 0}
[2020-03-27 22:06:40] Info: Saucer: {'id': 0, 'type': 'dfe::saucer', 'x': 8, 'y': 20, 'altitude': 2, 'maxStepCount': 0}
[2020-03-27 22:06:40] Info: Saucer: {'id': 0, 'type': 'dfe::saucer', 'x': 7, 'y': 20, 'altitude': 2, 'maxStepCount': 0}
[2020-03-27 22:06:40] Info: Saucer: {'id': 0, 'type': 'dfe::saucer', 'x': 6, 'y': 20, 'altitude': 2, 'maxStepCount': 0}
[2020-03-27 22:06:40] Info: Saucer: {'id': 0, 'type': 'dfe::saucer', 'x': 5, 'y': 20, 'altitude': 2, 'maxStepCount': 0}
[2020-03-27 22:06:40] Info: Saucer: {'id': 0, 'type': 'dfe::saucer', 'x': 6, 'y': 20, 'altitude': 2, 'maxStepCount': 0}
[2020-03-27 22:06:40] Info: Saucer: {'id': 0, 'type': 'dfe::saucer', 'x': 7, 'y': 20, 'altitude': 2, 'maxStepCount': 0}
[2020-03-27 22:06:40] Info: Saucer: {'id': 0, 'type': 'dfe::saucer', 'x': 8, 'y': 20, 'altitude': 2, 'maxStepCount': 0}
[2020-03-27 22:06:40] Info: Saucer: {'id': 0, 'type': 'dfe::saucer', 'x': 9, 'y': 20, 'altitude': 2, 'maxStepCount': 0}
[2020-03-27 22:06:40] Info: Saucer: {'id': 0, 'type': 'dfe::saucer', 'x': 10, 'y': 20, 'altitude': 2, 'maxStepCount': 0}
[2020-03-27 22:06:40] Info: Saucer: {'id': 0, 'type': 'dfe::saucer', 'x': 9, 'y': 20, 'altitude': 2, 'maxStepCount': 0}
[2020-03-27 22:06:40] Info: Saucer: {'id': 0, 'type': 'dfe::saucer', 'x': 8, 'y': 20, 'altitude': 2, 'maxStepCount': 0}
[2020-03-27 22:06:40] Info: Saucer: {'id': 0, 'type': 'dfe::saucer', 'x': 7, 'y': 20, 'altitude': 2, 'maxStepCount': 0}
[2020-03-27 22:06:40] Info: Saucer: {'id': 0, 'type': 'dfe::saucer', 'x': 6, 'y': 20, 'altitude': 2, 'maxStepCount': 0}
[2020-03-27 22:06:40] Info: Saucer: {'id': 0, 'type': 'dfe::saucer', 'x': 5, 'y': 20, 'altitude': 2, 'maxStepCount': 0}
[2020-03-27 22:06:40] Info: Saucer: {'id': 0, 'type': 'dfe::saucer', 'x': 6, 'y': 20, 'altitude': 2, 'maxStepCount': 0}
[2020-03-27 22:06:40] Info: Saucer: {'id': 0, 'type': 'dfe::saucer', 'x': 7, 'y': 20, 'altitude': 2, 'maxStepCount': 0}
[2020-03-27 22:06:40] Info: Saucer: {'id': 0, 'type': 'dfe::saucer', 'x': 8, 'y': 20, 'altitude': 2, 'maxStepCount': 0}
[2020-03-27 22:06:40] Info: Saucer: {'id': 0, 'type': 'dfe::saucer', 'x': 9, 'y': 20, 'altitude': 2, 'maxStepCount': 0}
[2020-03-27 22:06:41] Info: Saucer: {'id': 0, 'type': 'dfe::saucer', 'x': 10, 'y': 20, 'altitude': 2, 'maxStepCount': 0}
[2020-03-27 22:06:41] Info: Shutting down the df::GameManager...
[2020-03-27 22:06:41] Info: Shutting down the df::WorldManager...
[2020-03-27 22:06:41] Info: Shutting down the df::LogManager...
