[2020-03-26 02:09:30] Info: Starting up the df::LogManager...
[2020-03-26 02:09:30] Info: l: df::LogManager
[2020-03-26 02:09:30] Info: m: df::Manager
[2020-03-26 02:09:30] Info: m2: df::Manager
[2020-03-26 02:09:30] Info: m2: Updated
[2020-03-26 02:09:30] Info: m: Updated
[2020-03-26 02:09:30] Info: l: df::LogManager
[2020-03-26 02:09:30] Info: Shutting down the df::LogManager...
[2020-03-26 02:09:30] Info: Starting up the df::LogManager...
[2020-03-26 02:09:30] Info: Starting up the df::WorldManager...
[2020-03-26 02:09:30] Info: Starting up the df::GameManager...
[2020-03-26 02:09:34] Info: Shutting down the df::WorldManager...
[2020-03-26 02:09:34] Info: Shutting down the df::GameManager...
[2020-03-26 02:09:34] Info: Shutting down the df::LogManager...
[2020-03-26 02:12:17] Info: Starting up the df::LogManager...
[2020-03-26 02:12:17] Info: l: df::LogManager
[2020-03-26 02:12:17] Info: m: df::Manager
[2020-03-26 02:12:17] Info: m2: df::Manager
[2020-03-26 02:12:17] Info: m2: Updated
[2020-03-26 02:12:17] Info: m: Updated
[2020-03-26 02:12:17] Info: l: df::LogManager
[2020-03-26 02:12:17] Info: Shutting down the df::LogManager...
[2020-03-26 02:12:17] Info: Starting up the df::LogManager...
[2020-03-26 02:12:17] Info: Starting up the df::WorldManager...
[2020-03-26 02:12:17] Info: Starting up the df::GameManager...
[2020-03-26 02:12:21] Info: Shutting down the df::GameManager...
[2020-03-26 02:12:21] Info: Shutting down the df::WorldManager...
[2020-03-26 02:12:21] Info: Shutting down the df::LogManager...
[2020-03-26 02:21:01] Info: Starting up the df::LogManager...
[2020-03-26 02:21:01] Info: l: df::LogManager
[2020-03-26 02:21:01] Info: m: df::Manager
[2020-03-26 02:21:01] Info: m2: df::Manager
[2020-03-26 02:21:01] Info: m2: Updated
[2020-03-26 02:21:01] Info: m: Updated
[2020-03-26 02:21:01] Info: l: df::LogManager
[2020-03-26 02:21:01] Info: Shutting down the df::LogManager...
[2020-03-26 02:21:01] Info: Starting up the df::LogManager...
[2020-03-26 02:21:01] Info: Starting up the df::WorldManager...
[2020-03-26 02:21:01] Info: Starting up the df::GameManager...
[2020-03-26 02:21:05] Info: Shutting down the df::GameManager...
[2020-03-26 02:21:05] Info: Shutting down the df::WorldManager...
[2020-03-26 02:21:05] Info: Shutting down the df::LogManager...
