[2020-04-10 20:15:40] Info: Starting up the df::LogManager...
[2020-04-10 20:15:40] Info: Starting up the df::WorldManager...
[2020-04-10 20:15:40] Info: Starting up the df::DisplayManager...
[2020-04-10 20:15:40] Info: Starting up the df::InputManager...
[2020-04-10 20:15:40] Info: Starting up the df::GameManager...
[2020-04-10 20:26:34] Info: Starting up the df::LogManager...
[2020-04-10 20:26:34] Info: Starting up the df::WorldManager...
[2020-04-10 20:26:34] Info: Starting up the df::DisplayManager...
[2020-04-10 20:26:34] Info: Starting up the df::InputManager...
[2020-04-10 20:26:34] Info: Starting up the df::GameManager...
[2020-04-10 20:26:34] Info: Shutting down the df::GameManager...
[2020-04-10 20:26:34] Info: Shutting down the df::InputManager...
[2020-04-10 20:26:34] Info: Shutting down the df::DisplayManager...
[2020-04-10 20:26:34] Info: Shutting down the df::WorldManager...
[2020-04-10 20:27:21] Info: Starting up the df::LogManager...
[2020-04-10 20:27:21] Info: Starting up the df::WorldManager...
[2020-04-10 20:27:21] Info: Starting up the df::DisplayManager...
[2020-04-10 20:27:21] Info: Starting up the df::InputManager...
[2020-04-10 20:27:21] Info: Starting up the df::GameManager...
[2020-04-10 20:27:56] Info: Starting up the df::LogManager...
[2020-04-10 20:27:56] Info: Starting up the df::WorldManager...
[2020-04-10 20:27:56] Info: Starting up the df::DisplayManager...
[2020-04-10 20:27:56] Info: Starting up the df::InputManager...
[2020-04-10 20:27:56] Info: Starting up the df::GameManager...
[2020-04-10 20:28:19] Info: Starting up the df::LogManager...
[2020-04-10 20:28:19] Info: Starting up the df::WorldManager...
[2020-04-10 20:28:19] Info: Starting up the df::DisplayManager...
[2020-04-10 20:28:19] Info: Starting up the df::InputManager...
[2020-04-10 20:28:19] Info: Starting up the df::GameManager...
[2020-04-10 20:28:58] Info: Starting up the df::LogManager...
[2020-04-10 20:28:58] Info: Starting up the df::WorldManager...
[2020-04-10 20:28:58] Info: Starting up the df::DisplayManager...
[2020-04-10 20:28:58] Info: Starting up the df::InputManager...
[2020-04-10 20:28:58] Info: Starting up the df::GameManager...
[2020-04-10 20:31:09] Info: Starting up the df::LogManager...
[2020-04-10 20:31:09] Info: Starting up the df::WorldManager...
[2020-04-10 20:31:09] Info: Starting up the df::DisplayManager...
[2020-04-10 20:31:09] Info: Starting up the df::InputManager...
[2020-04-10 20:31:09] Info: Starting up the df::GameManager...
[2020-04-10 20:36:02] Info: Starting up the df::LogManager...
[2020-04-10 20:36:02] Info: Starting up the df::WorldManager...
[2020-04-10 20:36:02] Info: Starting up the df::DisplayManager...
[2020-04-10 20:36:02] Info: Starting up the df::InputManager...
[2020-04-10 20:36:02] Info: Starting up the df::GameManager...
[2020-04-10 20:36:05] Info: Starting up the df::LogManager...
[2020-04-10 20:36:05] Info: Starting up the df::WorldManager...
[2020-04-10 20:36:05] Info: Starting up the df::DisplayManager...
[2020-04-10 20:36:05] Info: Starting up the df::InputManager...
[2020-04-10 20:36:05] Info: Starting up the df::GameManager...
[2020-04-10 20:36:08] Info: Starting up the df::LogManager...
[2020-04-10 20:36:08] Info: Starting up the df::WorldManager...
[2020-04-10 20:36:08] Info: Starting up the df::DisplayManager...
[2020-04-10 20:36:08] Info: Starting up the df::InputManager...
[2020-04-10 20:36:08] Info: Starting up the df::GameManager...
[2020-04-10 20:36:23] Info: Starting up the df::LogManager...
[2020-04-10 20:36:23] Info: Starting up the df::WorldManager...
[2020-04-10 20:36:23] Info: Starting up the df::DisplayManager...
[2020-04-10 20:36:23] Info: Starting up the df::InputManager...
[2020-04-10 20:36:23] Info: Starting up the df::GameManager...
[2020-04-10 20:37:28] Info: Starting up the df::LogManager...
[2020-04-10 20:37:28] Info: Starting up the df::WorldManager...
[2020-04-10 20:37:28] Info: Starting up the df::DisplayManager...
[2020-04-10 20:37:28] Info: Starting up the df::InputManager...
[2020-04-10 20:37:28] Info: Starting up the df::GameManager...
[2020-04-10 20:38:22] Info: Starting up the df::LogManager...
[2020-04-10 20:38:22] Info: Starting up the df::WorldManager...
[2020-04-10 20:38:22] Info: Starting up the df::DisplayManager...
[2020-04-10 20:38:22] Info: Starting up the df::InputManager...
[2020-04-10 20:38:22] Info: Starting up the df::GameManager...
[2020-04-10 20:40:48] Info: Starting up the df::LogManager...
[2020-04-10 20:40:48] Info: Starting up the df::WorldManager...
[2020-04-10 20:40:48] Info: Starting up the df::DisplayManager...
[2020-04-10 20:40:48] Info: Starting up the df::InputManager...
[2020-04-10 20:40:48] Info: Starting up the df::GameManager...
[2020-04-10 20:41:18] Info: Starting up the df::LogManager...
[2020-04-10 20:41:18] Info: Starting up the df::WorldManager...
[2020-04-10 20:41:18] Info: Starting up the df::DisplayManager...
[2020-04-10 20:41:18] Info: Starting up the df::InputManager...
[2020-04-10 20:41:18] Info: Starting up the df::GameManager...
[2020-04-10 20:42:26] Info: Starting up the df::LogManager...
[2020-04-10 20:42:26] Info: Starting up the df::WorldManager...
[2020-04-10 20:42:26] Info: Starting up the df::DisplayManager...
[2020-04-10 20:42:26] Info: Starting up the df::InputManager...
[2020-04-10 20:42:26] Info: Starting up the df::GameManager...
[2020-04-10 20:43:09] Info: Starting up the df::LogManager...
[2020-04-10 20:43:09] Info: Starting up the df::WorldManager...
[2020-04-10 20:43:09] Info: Starting up the df::DisplayManager...
[2020-04-10 20:43:09] Info: Starting up the df::InputManager...
[2020-04-10 20:43:09] Info: Starting up the df::GameManager...
[2020-04-10 20:44:15] Info: Starting up the df::LogManager...
[2020-04-10 20:44:15] Info: Starting up the df::WorldManager...
[2020-04-10 20:44:15] Info: Starting up the df::DisplayManager...
[2020-04-10 20:44:15] Info: Starting up the df::InputManager...
[2020-04-10 20:44:15] Info: Starting up the df::GameManager...
[2020-04-10 20:46:01] Info: Starting up the df::LogManager...
[2020-04-10 20:46:01] Info: Starting up the df::WorldManager...
[2020-04-10 20:46:01] Info: Starting up the df::DisplayManager...
[2020-04-10 20:46:01] Info: Starting up the df::InputManager...
[2020-04-10 20:46:01] Info: Starting up the df::GameManager...
[2020-04-10 20:47:00] Info: Starting up the df::LogManager...
[2020-04-10 20:47:00] Info: Starting up the df::WorldManager...
[2020-04-10 20:47:00] Info: Starting up the df::DisplayManager...
[2020-04-10 20:47:00] Info: Starting up the df::InputManager...
[2020-04-10 20:47:00] Info: Starting up the df::GameManager...
[2020-04-10 20:48:15] Info: Starting up the df::LogManager...
[2020-04-10 20:48:15] Info: Starting up the df::WorldManager...
[2020-04-10 20:48:15] Info: Starting up the df::DisplayManager...
[2020-04-10 20:48:15] Info: Starting up the df::InputManager...
[2020-04-10 20:48:15] Info: Starting up the df::GameManager...
[2020-04-10 20:49:04] Info: Starting up the df::LogManager...
[2020-04-10 20:49:04] Info: Starting up the df::WorldManager...
[2020-04-10 20:49:04] Info: Starting up the df::DisplayManager...
[2020-04-10 20:49:04] Info: Starting up the df::InputManager...
[2020-04-10 20:49:04] Info: Starting up the df::GameManager...
[2020-04-10 20:52:12] Info: Starting up the df::LogManager...
[2020-04-10 20:52:12] Info: Starting up the df::WorldManager...
[2020-04-10 20:52:12] Info: Starting up the df::DisplayManager...
[2020-04-10 20:52:12] Info: Starting up the df::InputManager...
[2020-04-10 20:52:12] Info: Starting up the df::GameManager...
[2020-04-10 20:53:08] Info: Starting up the df::LogManager...
[2020-04-10 20:53:08] Info: Starting up the df::WorldManager...
[2020-04-10 20:53:08] Info: Starting up the df::DisplayManager...
[2020-04-10 20:53:08] Info: Starting up the df::InputManager...
[2020-04-10 20:53:08] Info: Starting up the df::GameManager...
[2020-04-10 20:53:47] Info: Starting up the df::LogManager...
[2020-04-10 20:53:47] Info: Starting up the df::WorldManager...
[2020-04-10 20:53:47] Info: Starting up the df::DisplayManager...
[2020-04-10 20:53:47] Info: Starting up the df::InputManager...
[2020-04-10 20:53:47] Info: Starting up the df::GameManager...
[2020-04-10 20:53:49] Info: Starting up the df::LogManager...
[2020-04-10 20:53:49] Info: Starting up the df::WorldManager...
[2020-04-10 20:53:49] Info: Starting up the df::DisplayManager...
[2020-04-10 20:53:49] Info: Starting up the df::InputManager...
[2020-04-10 20:53:49] Info: Starting up the df::GameManager...
[2020-04-10 20:53:50] Info: Starting up the df::LogManager...
[2020-04-10 20:53:50] Info: Starting up the df::WorldManager...
[2020-04-10 20:53:50] Info: Starting up the df::DisplayManager...
[2020-04-10 20:53:50] Info: Starting up the df::InputManager...
[2020-04-10 20:53:50] Info: Starting up the df::GameManager...
[2020-04-10 20:53:53] Info: Starting up the df::LogManager...
[2020-04-10 20:53:53] Info: Starting up the df::WorldManager...
[2020-04-10 20:53:53] Info: Starting up the df::DisplayManager...
[2020-04-10 20:53:53] Info: Starting up the df::InputManager...
[2020-04-10 20:53:53] Info: Starting up the df::GameManager...
[2020-04-10 20:54:02] Info: Starting up the df::LogManager...
[2020-04-10 20:54:02] Info: Starting up the df::WorldManager...
[2020-04-10 20:54:02] Info: Starting up the df::DisplayManager...
[2020-04-10 20:54:02] Info: Starting up the df::InputManager...
[2020-04-10 20:54:02] Info: Starting up the df::GameManager...
[2020-04-10 20:55:23] Info: Starting up the df::LogManager...
[2020-04-10 20:55:23] Info: Starting up the df::WorldManager...
[2020-04-10 20:55:23] Info: Starting up the df::DisplayManager...
[2020-04-10 20:55:23] Info: Starting up the df::InputManager...
[2020-04-10 20:55:23] Info: Starting up the df::GameManager...
[2020-04-10 20:55:23] Info: Shutting down the df::GameManager...
[2020-04-10 20:55:23] Info: Shutting down the df::InputManager...
[2020-04-10 20:55:23] Info: Shutting down the df::DisplayManager...
[2020-04-10 20:55:23] Info: Shutting down the df::WorldManager...
[2020-04-10 20:56:25] Info: Starting up the df::LogManager...
[2020-04-10 20:56:25] Info: Starting up the df::WorldManager...
[2020-04-10 20:56:25] Info: Starting up the df::DisplayManager...
[2020-04-10 20:56:25] Info: Starting up the df::InputManager...
[2020-04-10 20:56:25] Info: Starting up the df::GameManager...
[2020-04-10 20:56:25] Info: Shutting down the df::GameManager...
[2020-04-10 20:56:25] Info: Shutting down the df::InputManager...
[2020-04-10 20:56:25] Info: Shutting down the df::DisplayManager...
[2020-04-10 20:56:25] Info: Shutting down the df::WorldManager...
[2020-04-10 21:02:23] Info: Starting up the df::LogManager...
[2020-04-10 21:02:23] Info: Starting up the df::WorldManager...
[2020-04-10 21:02:23] Info: Starting up the df::DisplayManager...
[2020-04-10 21:02:23] Info: Starting up the df::InputManager...
[2020-04-10 21:02:23] Info: Starting up the df::GameManager...
[2020-04-10 21:02:23] Info: Shutting down the df::GameManager...
[2020-04-10 21:02:23] Info: Shutting down the df::InputManager...
[2020-04-10 21:02:23] Info: Shutting down the df::DisplayManager...
[2020-04-10 21:02:23] Info: Shutting down the df::WorldManager...
[2020-04-10 21:09:22] Info: Starting up the df::LogManager...
[2020-04-10 21:09:22] Info: Starting up the df::WorldManager...
[2020-04-10 21:09:22] Info: Starting up the df::DisplayManager...
[2020-04-10 21:09:22] Info: Starting up the df::InputManager...
[2020-04-10 21:09:22] Info: Starting up the df::GameManager...
[2020-04-10 21:09:22] Info: Shutting down the df::GameManager...
[2020-04-10 21:09:22] Info: Shutting down the df::InputManager...
[2020-04-10 21:09:22] Info: Shutting down the df::DisplayManager...
[2020-04-10 21:09:22] Info: Shutting down the df::WorldManager...
[2020-04-10 21:10:03] Info: Starting up the df::LogManager...
[2020-04-10 21:10:03] Info: Starting up the df::WorldManager...
[2020-04-10 21:10:03] Info: Starting up the df::DisplayManager...
[2020-04-10 21:10:03] Info: Starting up the df::InputManager...
[2020-04-10 21:10:03] Info: Starting up the df::GameManager...
[2020-04-10 21:10:03] Info: Shutting down the df::GameManager...
[2020-04-10 21:10:03] Info: Shutting down the df::InputManager...
[2020-04-10 21:10:03] Info: Shutting down the df::DisplayManager...
[2020-04-10 21:10:03] Info: Shutting down the df::WorldManager...
[2020-04-10 21:11:36] Info: Starting up the df::LogManager...
[2020-04-10 21:11:36] Info: Starting up the df::WorldManager...
[2020-04-10 21:11:36] Info: Starting up the df::DisplayManager...
[2020-04-10 21:11:36] Info: Starting up the df::InputManager...
[2020-04-10 21:11:36] Info: Starting up the df::GameManager...
[2020-04-10 21:11:36] Info: Shutting down the df::GameManager...
[2020-04-10 21:11:36] Info: Shutting down the df::InputManager...
[2020-04-10 21:11:36] Info: Shutting down the df::DisplayManager...
[2020-04-10 21:11:36] Info: Shutting down the df::WorldManager...
[2020-04-10 21:11:49] Info: Starting up the df::LogManager...
[2020-04-10 21:11:49] Info: Starting up the df::WorldManager...
[2020-04-10 21:11:49] Info: Starting up the df::DisplayManager...
[2020-04-10 21:11:49] Info: Starting up the df::InputManager...
[2020-04-10 21:11:49] Info: Starting up the df::GameManager...
[2020-04-10 21:12:25] Info: Starting up the df::LogManager...
[2020-04-10 21:12:25] Info: Starting up the df::WorldManager...
[2020-04-10 21:12:25] Info: Starting up the df::DisplayManager...
[2020-04-10 21:12:25] Info: Starting up the df::InputManager...
[2020-04-10 21:12:25] Info: Starting up the df::GameManager...
[2020-04-10 21:13:32] Info: Starting up the df::LogManager...
[2020-04-10 21:13:32] Info: Starting up the df::WorldManager...
[2020-04-10 21:13:32] Info: Starting up the df::DisplayManager...
[2020-04-10 21:13:32] Info: Starting up the df::InputManager...
[2020-04-10 21:13:32] Info: Starting up the df::GameManager...
[2020-04-10 21:13:32] Info: Shutting down the df::GameManager...
[2020-04-10 21:13:32] Info: Shutting down the df::InputManager...
[2020-04-10 21:13:32] Info: Shutting down the df::DisplayManager...
[2020-04-10 21:13:32] Info: Shutting down the df::WorldManager...
[2020-04-10 21:13:56] Info: Starting up the df::LogManager...
[2020-04-10 21:13:56] Info: Starting up the df::WorldManager...
[2020-04-10 21:13:56] Info: Starting up the df::DisplayManager...
[2020-04-10 21:13:56] Info: Starting up the df::InputManager...
[2020-04-10 21:13:56] Info: Starting up the df::GameManager...
[2020-04-10 21:13:56] Info: Shutting down the df::GameManager...
[2020-04-10 21:13:56] Info: Shutting down the df::InputManager...
[2020-04-10 21:13:56] Info: Shutting down the df::DisplayManager...
[2020-04-10 21:13:56] Info: Shutting down the df::WorldManager...
[2020-04-10 21:19:26] Info: Starting up the df::LogManager...
[2020-04-10 21:19:26] Info: Starting up the df::WorldManager...
[2020-04-10 21:19:26] Info: Starting up the df::DisplayManager...
[2020-04-10 21:19:26] Info: Starting up the df::InputManager...
[2020-04-10 21:19:26] Info: Starting up the df::GameManager...
[2020-04-10 21:20:44] Info: Starting up the df::LogManager...
[2020-04-10 21:20:44] Info: Starting up the df::WorldManager...
[2020-04-10 21:20:44] Info: Starting up the df::DisplayManager...
[2020-04-10 21:20:44] Info: Starting up the df::InputManager...
[2020-04-10 21:20:44] Info: Starting up the df::GameManager...
[2020-04-10 21:20:44] Info: Shutting down the df::GameManager...
[2020-04-10 21:20:44] Info: Shutting down the df::InputManager...
[2020-04-10 21:20:44] Info: Shutting down the df::DisplayManager...
[2020-04-10 21:20:44] Info: Shutting down the df::WorldManager...
[2020-04-10 21:20:56] Info: Starting up the df::LogManager...
[2020-04-10 21:20:56] Info: Starting up the df::WorldManager...
[2020-04-10 21:20:56] Info: Starting up the df::DisplayManager...
[2020-04-10 21:20:56] Info: Starting up the df::InputManager...
[2020-04-10 21:20:56] Info: Starting up the df::GameManager...
[2020-04-10 21:21:07] Info: Starting up the df::LogManager...
[2020-04-10 21:21:07] Info: Starting up the df::WorldManager...
[2020-04-10 21:21:07] Info: Starting up the df::DisplayManager...
[2020-04-10 21:21:07] Info: Starting up the df::InputManager...
[2020-04-10 21:21:07] Info: Starting up the df::GameManager...
[2020-04-10 21:21:45] Info: Starting up the df::LogManager...
[2020-04-10 21:21:45] Info: Starting up the df::WorldManager...
[2020-04-10 21:21:45] Info: Starting up the df::DisplayManager...
[2020-04-10 21:21:45] Info: Starting up the df::InputManager...
[2020-04-10 21:21:45] Info: Starting up the df::GameManager...
[2020-04-10 21:28:33] Info: Starting up the df::LogManager...
[2020-04-10 21:28:33] Info: Starting up the df::WorldManager...
[2020-04-10 21:28:33] Info: Starting up the df::DisplayManager...
[2020-04-10 21:28:33] Info: Starting up the df::InputManager...
[2020-04-10 21:28:33] Info: Starting up the df::GameManager...
[2020-04-10 21:29:24] Info: Starting up the df::LogManager...
[2020-04-10 21:29:24] Info: Starting up the df::WorldManager...
[2020-04-10 21:29:24] Info: Starting up the df::DisplayManager...
[2020-04-10 21:29:24] Info: Starting up the df::InputManager...
[2020-04-10 21:29:24] Info: Starting up the df::GameManager...
[2020-04-10 21:30:07] Info: Starting up the df::LogManager...
[2020-04-10 21:30:07] Info: Starting up the df::WorldManager...
[2020-04-10 21:30:07] Info: Starting up the df::DisplayManager...
[2020-04-10 21:30:07] Info: Starting up the df::InputManager...
[2020-04-10 21:30:07] Info: Starting up the df::GameManager...
[2020-04-10 21:30:52] Info: Starting up the df::LogManager...
[2020-04-10 21:30:52] Info: Starting up the df::WorldManager...
[2020-04-10 21:30:52] Info: Starting up the df::DisplayManager...
[2020-04-10 21:30:52] Info: Starting up the df::InputManager...
[2020-04-10 21:30:52] Info: Starting up the df::GameManager...
[2020-04-10 21:30:59] Info: Shutting down the df::GameManager...
[2020-04-10 21:30:59] Info: Shutting down the df::InputManager...
[2020-04-10 21:30:59] Info: Shutting down the df::DisplayManager...
[2020-04-10 21:30:59] Info: Shutting down the df::WorldManager...
[2020-04-10 21:32:46] Info: Starting up the df::LogManager...
[2020-04-10 21:32:46] Info: Starting up the df::WorldManager...
[2020-04-10 21:32:46] Info: Starting up the df::DisplayManager...
[2020-04-10 21:32:46] Info: Starting up the df::InputManager...
[2020-04-10 21:32:46] Info: Starting up the df::GameManager...
[2020-04-10 21:32:47] Info: Shutting down the df::GameManager...
[2020-04-10 21:32:47] Info: Shutting down the df::InputManager...
[2020-04-10 21:32:47] Info: Shutting down the df::DisplayManager...
[2020-04-10 21:32:47] Info: Shutting down the df::WorldManager...
[2020-04-10 21:33:08] Info: Starting up the df::LogManager...
[2020-04-10 21:33:08] Info: Starting up the df::WorldManager...
[2020-04-10 21:33:08] Info: Starting up the df::DisplayManager...
[2020-04-10 21:33:08] Info: Starting up the df::InputManager...
[2020-04-10 21:33:08] Info: Starting up the df::GameManager...
[2020-04-10 21:34:24] Info: Starting up the df::LogManager...
[2020-04-10 21:34:24] Info: Starting up the df::WorldManager...
[2020-04-10 21:34:24] Info: Starting up the df::DisplayManager...
[2020-04-10 21:34:24] Info: Starting up the df::InputManager...
[2020-04-10 21:34:24] Info: Starting up the df::GameManager...
[2020-04-10 21:35:00] Info: Starting up the df::LogManager...
[2020-04-10 21:35:00] Info: Starting up the df::WorldManager...
[2020-04-10 21:35:00] Info: Starting up the df::DisplayManager...
[2020-04-10 21:35:00] Info: Starting up the df::InputManager...
[2020-04-10 21:35:00] Info: Starting up the df::GameManager...
[2020-04-10 21:35:21] Info: Starting up the df::LogManager...
[2020-04-10 21:35:21] Info: Starting up the df::WorldManager...
[2020-04-10 21:35:21] Info: Starting up the df::DisplayManager...
[2020-04-10 21:35:21] Info: Starting up the df::InputManager...
[2020-04-10 21:35:21] Info: Starting up the df::GameManager...
[2020-04-10 21:39:55] Info: Starting up the df::LogManager...
[2020-04-10 21:39:55] Info: Starting up the df::WorldManager...
[2020-04-10 21:39:55] Info: Starting up the df::DisplayManager...
[2020-04-10 21:39:55] Info: Starting up the df::InputManager...
[2020-04-10 21:39:55] Info: Starting up the df::GameManager...
[2020-04-10 21:40:02] Info: Shutting down the df::GameManager...
[2020-04-10 21:40:02] Info: Shutting down the df::InputManager...
[2020-04-10 21:40:02] Info: Shutting down the df::DisplayManager...
[2020-04-10 21:40:02] Info: Shutting down the df::WorldManager...
[2020-04-10 21:40:06] Info: Starting up the df::LogManager...
[2020-04-10 21:40:06] Info: Starting up the df::WorldManager...
[2020-04-10 21:40:06] Info: Starting up the df::DisplayManager...
[2020-04-10 21:40:06] Info: Starting up the df::InputManager...
[2020-04-10 21:40:06] Info: Starting up the df::GameManager...
[2020-04-10 21:40:07] Info: Shutting down the df::GameManager...
[2020-04-10 21:40:07] Info: Shutting down the df::InputManager...
[2020-04-10 21:40:07] Info: Shutting down the df::DisplayManager...
[2020-04-10 21:40:07] Info: Shutting down the df::WorldManager...
[2020-04-10 21:41:09] Info: Starting up the df::LogManager...
[2020-04-10 21:41:09] Info: Starting up the df::WorldManager...
[2020-04-10 21:41:09] Info: Starting up the df::DisplayManager...
[2020-04-10 21:41:09] Info: Starting up the df::InputManager...
[2020-04-10 21:41:09] Info: Starting up the df::GameManager...
[2020-04-10 21:45:26] Info: Starting up the df::LogManager...
[2020-04-10 21:45:26] Info: Starting up the df::WorldManager...
[2020-04-10 21:45:26] Info: Starting up the df::DisplayManager...
[2020-04-10 21:45:26] Info: Starting up the df::InputManager...
[2020-04-10 21:45:26] Info: Starting up the df::GameManager...
[2020-04-10 21:45:32] Info: Shutting down the df::GameManager...
[2020-04-10 21:45:32] Info: Shutting down the df::InputManager...
[2020-04-10 21:45:32] Info: Shutting down the df::DisplayManager...
[2020-04-10 21:45:32] Info: Shutting down the df::WorldManager...
[2020-04-10 21:45:42] Info: Starting up the df::LogManager...
[2020-04-10 21:45:42] Info: Starting up the df::WorldManager...
[2020-04-10 21:45:42] Info: Starting up the df::DisplayManager...
[2020-04-10 21:45:42] Info: Starting up the df::InputManager...
[2020-04-10 21:45:42] Info: Starting up the df::GameManager...
[2020-04-10 21:46:11] Info: Starting up the df::LogManager...
[2020-04-10 21:46:11] Info: Starting up the df::WorldManager...
[2020-04-10 21:46:11] Info: Starting up the df::DisplayManager...
[2020-04-10 21:46:11] Info: Starting up the df::InputManager...
[2020-04-10 21:46:11] Info: Starting up the df::GameManager...
[2020-04-10 21:46:30] Info: Starting up the df::LogManager...
[2020-04-10 21:46:30] Info: Starting up the df::WorldManager...
[2020-04-10 21:46:30] Info: Starting up the df::DisplayManager...
[2020-04-10 21:46:30] Info: Starting up the df::InputManager...
[2020-04-10 21:46:30] Info: Starting up the df::GameManager...
[2020-04-10 21:46:53] Info: Starting up the df::LogManager...
[2020-04-10 21:46:53] Info: Starting up the df::WorldManager...
[2020-04-10 21:46:53] Info: Starting up the df::DisplayManager...
[2020-04-10 21:46:53] Info: Starting up the df::InputManager...
[2020-04-10 21:46:53] Info: Starting up the df::GameManager...
[2020-04-10 21:47:37] Info: Starting up the df::LogManager...
[2020-04-10 21:47:37] Info: Starting up the df::WorldManager...
[2020-04-10 21:47:37] Info: Starting up the df::DisplayManager...
[2020-04-10 21:47:37] Info: Starting up the df::InputManager...
[2020-04-10 21:47:37] Info: Starting up the df::GameManager...
[2020-04-10 21:47:38] Info: Shutting down the df::GameManager...
[2020-04-10 21:47:38] Info: Shutting down the df::InputManager...
[2020-04-10 21:47:38] Info: Shutting down the df::DisplayManager...
[2020-04-10 21:47:38] Info: Shutting down the df::WorldManager...
[2020-04-10 21:48:45] Info: Starting up the df::LogManager...
[2020-04-10 21:48:45] Info: Starting up the df::WorldManager...
[2020-04-10 21:48:45] Info: Starting up the df::DisplayManager...
[2020-04-10 21:48:45] Info: Starting up the df::InputManager...
[2020-04-10 21:48:45] Info: Starting up the df::GameManager...
[2020-04-10 21:48:47] Info: Shutting down the df::GameManager...
[2020-04-10 21:48:47] Info: Shutting down the df::InputManager...
[2020-04-10 21:48:47] Info: Shutting down the df::DisplayManager...
[2020-04-10 21:48:47] Info: Shutting down the df::WorldManager...
[2020-04-10 21:48:56] Info: Starting up the df::LogManager...
[2020-04-10 21:48:56] Info: Starting up the df::WorldManager...
[2020-04-10 21:48:56] Info: Starting up the df::DisplayManager...
[2020-04-10 21:48:56] Info: Starting up the df::InputManager...
[2020-04-10 21:48:56] Info: Starting up the df::GameManager...
[2020-04-10 21:49:13] Info: Shutting down the df::GameManager...
[2020-04-10 21:49:13] Info: Shutting down the df::InputManager...
[2020-04-10 21:49:13] Info: Shutting down the df::DisplayManager...
[2020-04-10 21:49:13] Info: Shutting down the df::WorldManager...
[2020-04-10 21:49:47] Info: Starting up the df::LogManager...
[2020-04-10 21:49:48] Info: Starting up the df::WorldManager...
[2020-04-10 21:49:48] Info: Starting up the df::DisplayManager...
[2020-04-10 21:49:48] Info: Starting up the df::InputManager...
[2020-04-10 21:49:48] Info: Starting up the df::GameManager...
[2020-04-10 21:57:00] Info: Starting up the df::LogManager...
[2020-04-10 21:57:00] Info: Starting up the df::WorldManager...
[2020-04-10 21:57:00] Info: Starting up the df::DisplayManager...
[2020-04-10 21:57:00] Info: Starting up the df::InputManager...
[2020-04-10 21:57:00] Info: Starting up the df::GameManager...
[2020-04-10 21:57:24] Info: Starting up the df::LogManager...
[2020-04-10 21:57:24] Info: Starting up the df::WorldManager...
[2020-04-10 21:57:24] Info: Starting up the df::DisplayManager...
[2020-04-10 21:57:24] Info: Starting up the df::InputManager...
[2020-04-10 21:57:24] Info: Starting up the df::GameManager...
[2020-04-10 21:58:18] Info: Starting up the df::LogManager...
[2020-04-10 21:58:18] Info: Starting up the df::WorldManager...
[2020-04-10 21:58:18] Info: Starting up the df::DisplayManager...
[2020-04-10 21:58:18] Info: Starting up the df::InputManager...
[2020-04-10 21:58:18] Info: Starting up the df::GameManager...
[2020-04-10 21:59:21] Info: Starting up the df::LogManager...
[2020-04-10 21:59:21] Info: Starting up the df::WorldManager...
[2020-04-10 21:59:21] Info: Starting up the df::DisplayManager...
[2020-04-10 21:59:21] Info: Starting up the df::InputManager...
[2020-04-10 21:59:21] Info: Starting up the df::GameManager...
[2020-04-10 22:00:03] Info: Starting up the df::LogManager...
[2020-04-10 22:00:03] Info: Starting up the df::WorldManager...
[2020-04-10 22:00:03] Info: Starting up the df::DisplayManager...
[2020-04-10 22:00:03] Info: Starting up the df::InputManager...
[2020-04-10 22:00:03] Info: Starting up the df::GameManager...
[2020-04-10 22:01:48] Info: Starting up the df::LogManager...
[2020-04-10 22:01:48] Info: Starting up the df::WorldManager...
[2020-04-10 22:01:48] Info: Starting up the df::DisplayManager...
[2020-04-10 22:01:48] Info: Starting up the df::InputManager...
[2020-04-10 22:01:48] Info: Starting up the df::GameManager...
